2020-09-28 10:28:06,472 INFO com.sapient.training.app.SpringDataJpaAppApplication [restartedMain] Starting SpringDataJpaAppApplication on WKWIN7126451 with PID 18764 (C:\Users\puskumar3\Desktop\spring project\spring-data-jpa-app\spring-data-jpa-app\target\classes started by puskumar3 in C:\Users\puskumar3\Desktop\spring project\spring-data-jpa-app\spring-data-jpa-app)
2020-09-28 10:28:06,479 DEBUG com.sapient.training.app.SpringDataJpaAppApplication [restartedMain] Running with Spring Boot v2.3.4.RELEASE, Spring v5.2.9.RELEASE
2020-09-28 10:28:06,479 INFO com.sapient.training.app.SpringDataJpaAppApplication [restartedMain] No active profile set, falling back to default profiles: default
2020-09-28 10:28:06,557 INFO org.springframework.boot.devtools.env.DevToolsPropertyDefaultsPostProcessor [restartedMain] Devtools property defaults active! Set 'spring.devtools.add-properties' to 'false' to disable
2020-09-28 10:28:06,557 INFO org.springframework.boot.devtools.env.DevToolsPropertyDefaultsPostProcessor [restartedMain] For additional web related logging consider setting the 'logging.level.web' property to 'DEBUG'
2020-09-28 10:28:07,434 INFO org.springframework.data.repository.config.RepositoryConfigurationDelegate [restartedMain] Bootstrapping Spring Data JPA repositories in DEFAULT mode.
2020-09-28 10:28:07,493 INFO org.springframework.data.repository.config.RepositoryConfigurationDelegate [restartedMain] Finished Spring Data repository scanning in 48ms. Found 1 JPA repository interfaces.
2020-09-28 10:28:08,607 INFO org.springframework.boot.web.embedded.tomcat.TomcatWebServer [restartedMain] Tomcat initialized with port(s): 8082 (http)
2020-09-28 10:28:08,616 INFO org.apache.coyote.http11.Http11NioProtocol [restartedMain] Initializing ProtocolHandler ["http-nio-8082"]
2020-09-28 10:28:08,617 INFO org.apache.catalina.core.StandardService [restartedMain] Starting service [Tomcat]
2020-09-28 10:28:08,617 INFO org.apache.catalina.core.StandardEngine [restartedMain] Starting Servlet engine: [Apache Tomcat/9.0.38]
2020-09-28 10:28:08,620 INFO org.apache.catalina.core.AprLifecycleListener [restartedMain] Loaded Apache Tomcat Native library [1.2.24] using APR version [1.7.0].
2020-09-28 10:28:08,620 INFO org.apache.catalina.core.AprLifecycleListener [restartedMain] APR capabilities: IPv6 [true], sendfile [true], accept filters [false], random [true].
2020-09-28 10:28:08,620 INFO org.apache.catalina.core.AprLifecycleListener [restartedMain] APR/OpenSSL configuration: useAprConnector [false], useOpenSSL [true]
2020-09-28 10:28:08,635 INFO org.apache.catalina.core.AprLifecycleListener [restartedMain] OpenSSL successfully initialized [OpenSSL 1.1.1g  21 Apr 2020]
2020-09-28 10:28:08,757 INFO org.apache.catalina.core.ContainerBase.[Tomcat].[localhost].[/springfox] [restartedMain] Initializing Spring embedded WebApplicationContext
2020-09-28 10:28:08,757 INFO org.springframework.boot.web.servlet.context.ServletWebServerApplicationContext [restartedMain] Root WebApplicationContext: initialization completed in 2200 ms
2020-09-28 10:28:09,137 INFO org.hibernate.jpa.internal.util.LogHelper [restartedMain] HHH000204: Processing PersistenceUnitInfo [name: default]
2020-09-28 10:28:09,199 INFO org.hibernate.Version [restartedMain] HHH000412: Hibernate ORM core version 5.4.21.Final
2020-09-28 10:28:09,361 INFO org.hibernate.annotations.common.Version [restartedMain] HCANN000001: Hibernate Commons Annotations {5.1.0.Final}
2020-09-28 10:28:09,456 INFO com.zaxxer.hikari.HikariDataSource [restartedMain] HikariPool-1 - Starting...
2020-09-28 10:28:10,110 INFO com.zaxxer.hikari.HikariDataSource [restartedMain] HikariPool-1 - Start completed.
2020-09-28 10:28:10,146 INFO org.hibernate.dialect.Dialect [restartedMain] HHH000400: Using dialect: org.hibernate.dialect.PostgreSQL10Dialect
2020-09-28 10:28:10,841 INFO org.hibernate.engine.transaction.jta.platform.internal.JtaPlatformInitiator [restartedMain] HHH000490: Using JtaPlatform implementation: [org.hibernate.engine.transaction.jta.platform.internal.NoJtaPlatform]
2020-09-28 10:28:10,847 INFO org.springframework.orm.jpa.LocalContainerEntityManagerFactoryBean [restartedMain] Initialized JPA EntityManagerFactory for persistence unit 'default'
2020-09-28 10:28:10,860 INFO org.springframework.boot.devtools.autoconfigure.OptionalLiveReloadServer [restartedMain] LiveReload server is running on port 35729
2020-09-28 10:28:11,791 WARN org.springframework.boot.autoconfigure.orm.jpa.JpaBaseConfiguration$JpaWebConfiguration [restartedMain] spring.jpa.open-in-view is enabled by default. Therefore, database queries may be performed during view rendering. Explicitly configure spring.jpa.open-in-view to disable this warning
2020-09-28 10:28:11,977 INFO org.springframework.boot.actuate.endpoint.web.EndpointLinksResolver [restartedMain] Exposing 2 endpoint(s) beneath base path '/actuator'
2020-09-28 10:28:12,522 INFO org.apache.coyote.http11.Http11NioProtocol [restartedMain] Starting ProtocolHandler ["http-nio-8082"]
2020-09-28 10:28:12,548 INFO org.springframework.boot.web.embedded.tomcat.TomcatWebServer [restartedMain] Tomcat started on port(s): 8082 (http) with context path '/springfox'
2020-09-28 10:28:12,840 INFO com.sapient.training.app.SpringDataJpaAppApplication [restartedMain] Started SpringDataJpaAppApplication in 6.682 seconds (JVM running for 7.195)
2020-09-28 10:30:19,819 INFO org.apache.catalina.core.ContainerBase.[Tomcat].[localhost].[/springfox] [http-nio-8082-exec-7] Initializing Spring DispatcherServlet 'dispatcherServlet'
2020-09-28 10:30:19,819 INFO org.springframework.web.servlet.DispatcherServlet [http-nio-8082-exec-7] Initializing Servlet 'dispatcherServlet'
2020-09-28 10:30:19,825 INFO org.springframework.web.servlet.DispatcherServlet [http-nio-8082-exec-7] Completed initialization in 6 ms
2020-09-28 10:30:19,875 DEBUG com.sapient.training.aspect.LoggingAspect [http-nio-8082-exec-7] Enter: com.sapient.training.service.EmployeeServiceImpl.getAllEmployees() with argument[s] = []
2020-09-28 10:30:19,928 DEBUG com.sapient.training.aspect.LoggingAspect [http-nio-8082-exec-7] Exit: com.sapient.training.service.EmployeeServiceImpl.getAllEmployees() with result = [Employee(id=6, name=Rohit, job=Developer, hiredate=2015-10-15, salary=550000.0), Employee(id=7, name=Rohit, job=Developer, hiredate=2015-10-15, salary=550000.0), Employee(id=8, name=Rohit, job=Developer, hiredate=2015-10-15, salary=550000.0), Employee(id=9, name=Rohit, job=Developer, hiredate=2015-10-15, salary=550000.0), Employee(id=10, name=pk, job=software, hiredate=2020-09-25, salary=60000.0)]
2020-09-28 10:31:45,555 WARN org.springframework.web.servlet.PageNotFound [http-nio-8082-exec-10] No mapping for GET /springfox/api/employee
2020-09-28 10:31:45,754 WARN org.springframework.web.servlet.PageNotFound [http-nio-8082-exec-2] No mapping for GET /springfox/api/employee
2020-09-28 10:31:45,955 WARN org.springframework.web.servlet.PageNotFound [http-nio-8082-exec-3] No mapping for GET /springfox/api/employee
2020-09-28 10:31:46,157 WARN org.springframework.web.servlet.PageNotFound [http-nio-8082-exec-6] No mapping for GET /springfox/api/employee
2020-09-28 10:31:46,355 WARN org.springframework.web.servlet.PageNotFound [http-nio-8082-exec-8] No mapping for GET /springfox/api/employee
2020-09-28 10:31:46,554 WARN org.springframework.web.servlet.PageNotFound [http-nio-8082-exec-10] No mapping for GET /springfox/api/employee
2020-09-28 10:31:46,753 WARN org.springframework.web.servlet.PageNotFound [http-nio-8082-exec-2] No mapping for GET /springfox/api/employee
2020-09-28 10:31:46,954 WARN org.springframework.web.servlet.PageNotFound [http-nio-8082-exec-3] No mapping for GET /springfox/api/employee
2020-09-28 10:31:47,156 WARN org.springframework.web.servlet.PageNotFound [http-nio-8082-exec-6] No mapping for GET /springfox/api/employee
2020-09-28 10:31:47,352 WARN org.springframework.web.servlet.PageNotFound [http-nio-8082-exec-8] No mapping for GET /springfox/api/employee
2020-09-28 10:34:17,258 DEBUG com.sapient.training.aspect.LoggingAspect [http-nio-8082-exec-10] Enter: com.sapient.training.service.EmployeeServiceImpl.getAllEmployees() with argument[s] = []
2020-09-28 10:34:17,260 DEBUG com.sapient.training.aspect.LoggingAspect [http-nio-8082-exec-10] Exit: com.sapient.training.service.EmployeeServiceImpl.getAllEmployees() with result = [Employee(id=6, name=Rohit, job=Developer, hiredate=2015-10-15, salary=550000.0), Employee(id=7, name=Rohit, job=Developer, hiredate=2015-10-15, salary=550000.0), Employee(id=8, name=Rohit, job=Developer, hiredate=2015-10-15, salary=550000.0), Employee(id=9, name=Rohit, job=Developer, hiredate=2015-10-15, salary=550000.0), Employee(id=10, name=pk, job=software, hiredate=2020-09-25, salary=60000.0)]
2020-09-28 10:34:17,466 DEBUG com.sapient.training.aspect.LoggingAspect [http-nio-8082-exec-2] Enter: com.sapient.training.service.EmployeeServiceImpl.getAllEmployees() with argument[s] = []
2020-09-28 10:34:17,472 DEBUG com.sapient.training.aspect.LoggingAspect [http-nio-8082-exec-2] Exit: com.sapient.training.service.EmployeeServiceImpl.getAllEmployees() with result = [Employee(id=6, name=Rohit, job=Developer, hiredate=2015-10-15, salary=550000.0), Employee(id=7, name=Rohit, job=Developer, hiredate=2015-10-15, salary=550000.0), Employee(id=8, name=Rohit, job=Developer, hiredate=2015-10-15, salary=550000.0), Employee(id=9, name=Rohit, job=Developer, hiredate=2015-10-15, salary=550000.0), Employee(id=10, name=pk, job=software, hiredate=2020-09-25, salary=60000.0)]
2020-09-28 10:34:17,663 DEBUG com.sapient.training.aspect.LoggingAspect [http-nio-8082-exec-3] Enter: com.sapient.training.service.EmployeeServiceImpl.getAllEmployees() with argument[s] = []
2020-09-28 10:34:17,664 DEBUG com.sapient.training.aspect.LoggingAspect [http-nio-8082-exec-3] Exit: com.sapient.training.service.EmployeeServiceImpl.getAllEmployees() with result = [Employee(id=6, name=Rohit, job=Developer, hiredate=2015-10-15, salary=550000.0), Employee(id=7, name=Rohit, job=Developer, hiredate=2015-10-15, salary=550000.0), Employee(id=8, name=Rohit, job=Developer, hiredate=2015-10-15, salary=550000.0), Employee(id=9, name=Rohit, job=Developer, hiredate=2015-10-15, salary=550000.0), Employee(id=10, name=pk, job=software, hiredate=2020-09-25, salary=60000.0)]
2020-09-28 10:34:17,863 DEBUG com.sapient.training.aspect.LoggingAspect [http-nio-8082-exec-6] Enter: com.sapient.training.service.EmployeeServiceImpl.getAllEmployees() with argument[s] = []
2020-09-28 10:34:17,865 DEBUG com.sapient.training.aspect.LoggingAspect [http-nio-8082-exec-6] Exit: com.sapient.training.service.EmployeeServiceImpl.getAllEmployees() with result = [Employee(id=6, name=Rohit, job=Developer, hiredate=2015-10-15, salary=550000.0), Employee(id=7, name=Rohit, job=Developer, hiredate=2015-10-15, salary=550000.0), Employee(id=8, name=Rohit, job=Developer, hiredate=2015-10-15, salary=550000.0), Employee(id=9, name=Rohit, job=Developer, hiredate=2015-10-15, salary=550000.0), Employee(id=10, name=pk, job=software, hiredate=2020-09-25, salary=60000.0)]
2020-09-28 10:34:18,063 DEBUG com.sapient.training.aspect.LoggingAspect [http-nio-8082-exec-8] Enter: com.sapient.training.service.EmployeeServiceImpl.getAllEmployees() with argument[s] = []
2020-09-28 10:34:18,064 DEBUG com.sapient.training.aspect.LoggingAspect [http-nio-8082-exec-8] Exit: com.sapient.training.service.EmployeeServiceImpl.getAllEmployees() with result = [Employee(id=6, name=Rohit, job=Developer, hiredate=2015-10-15, salary=550000.0), Employee(id=7, name=Rohit, job=Developer, hiredate=2015-10-15, salary=550000.0), Employee(id=8, name=Rohit, job=Developer, hiredate=2015-10-15, salary=550000.0), Employee(id=9, name=Rohit, job=Developer, hiredate=2015-10-15, salary=550000.0), Employee(id=10, name=pk, job=software, hiredate=2020-09-25, salary=60000.0)]
2020-09-28 10:34:18,258 DEBUG com.sapient.training.aspect.LoggingAspect [http-nio-8082-exec-10] Enter: com.sapient.training.service.EmployeeServiceImpl.getAllEmployees() with argument[s] = []
2020-09-28 10:34:18,259 DEBUG com.sapient.training.aspect.LoggingAspect [http-nio-8082-exec-10] Exit: com.sapient.training.service.EmployeeServiceImpl.getAllEmployees() with result = [Employee(id=6, name=Rohit, job=Developer, hiredate=2015-10-15, salary=550000.0), Employee(id=7, name=Rohit, job=Developer, hiredate=2015-10-15, salary=550000.0), Employee(id=8, name=Rohit, job=Developer, hiredate=2015-10-15, salary=550000.0), Employee(id=9, name=Rohit, job=Developer, hiredate=2015-10-15, salary=550000.0), Employee(id=10, name=pk, job=software, hiredate=2020-09-25, salary=60000.0)]
2020-09-28 10:34:18,465 DEBUG com.sapient.training.aspect.LoggingAspect [http-nio-8082-exec-2] Enter: com.sapient.training.service.EmployeeServiceImpl.getAllEmployees() with argument[s] = []
2020-09-28 10:34:18,468 DEBUG com.sapient.training.aspect.LoggingAspect [http-nio-8082-exec-2] Exit: com.sapient.training.service.EmployeeServiceImpl.getAllEmployees() with result = [Employee(id=6, name=Rohit, job=Developer, hiredate=2015-10-15, salary=550000.0), Employee(id=7, name=Rohit, job=Developer, hiredate=2015-10-15, salary=550000.0), Employee(id=8, name=Rohit, job=Developer, hiredate=2015-10-15, salary=550000.0), Employee(id=9, name=Rohit, job=Developer, hiredate=2015-10-15, salary=550000.0), Employee(id=10, name=pk, job=software, hiredate=2020-09-25, salary=60000.0)]
2020-09-28 10:34:18,657 DEBUG com.sapient.training.aspect.LoggingAspect [http-nio-8082-exec-3] Enter: com.sapient.training.service.EmployeeServiceImpl.getAllEmployees() with argument[s] = []
2020-09-28 10:34:18,659 DEBUG com.sapient.training.aspect.LoggingAspect [http-nio-8082-exec-3] Exit: com.sapient.training.service.EmployeeServiceImpl.getAllEmployees() with result = [Employee(id=6, name=Rohit, job=Developer, hiredate=2015-10-15, salary=550000.0), Employee(id=7, name=Rohit, job=Developer, hiredate=2015-10-15, salary=550000.0), Employee(id=8, name=Rohit, job=Developer, hiredate=2015-10-15, salary=550000.0), Employee(id=9, name=Rohit, job=Developer, hiredate=2015-10-15, salary=550000.0), Employee(id=10, name=pk, job=software, hiredate=2020-09-25, salary=60000.0)]
2020-09-28 10:34:18,865 DEBUG com.sapient.training.aspect.LoggingAspect [http-nio-8082-exec-6] Enter: com.sapient.training.service.EmployeeServiceImpl.getAllEmployees() with argument[s] = []
2020-09-28 10:34:18,868 DEBUG com.sapient.training.aspect.LoggingAspect [http-nio-8082-exec-6] Exit: com.sapient.training.service.EmployeeServiceImpl.getAllEmployees() with result = [Employee(id=6, name=Rohit, job=Developer, hiredate=2015-10-15, salary=550000.0), Employee(id=7, name=Rohit, job=Developer, hiredate=2015-10-15, salary=550000.0), Employee(id=8, name=Rohit, job=Developer, hiredate=2015-10-15, salary=550000.0), Employee(id=9, name=Rohit, job=Developer, hiredate=2015-10-15, salary=550000.0), Employee(id=10, name=pk, job=software, hiredate=2020-09-25, salary=60000.0)]
2020-09-28 10:34:19,064 DEBUG com.sapient.training.aspect.LoggingAspect [http-nio-8082-exec-8] Enter: com.sapient.training.service.EmployeeServiceImpl.getAllEmployees() with argument[s] = []
2020-09-28 10:34:19,070 DEBUG com.sapient.training.aspect.LoggingAspect [http-nio-8082-exec-8] Exit: com.sapient.training.service.EmployeeServiceImpl.getAllEmployees() with result = [Employee(id=6, name=Rohit, job=Developer, hiredate=2015-10-15, salary=550000.0), Employee(id=7, name=Rohit, job=Developer, hiredate=2015-10-15, salary=550000.0), Employee(id=8, name=Rohit, job=Developer, hiredate=2015-10-15, salary=550000.0), Employee(id=9, name=Rohit, job=Developer, hiredate=2015-10-15, salary=550000.0), Employee(id=10, name=pk, job=software, hiredate=2020-09-25, salary=60000.0)]
2020-09-28 11:43:19,229 DEBUG com.sapient.training.aspect.LoggingAspect [http-nio-8082-exec-10] Enter: com.sapient.training.service.EmployeeServiceImpl.getAllEmployees() with argument[s] = []
2020-09-28 11:43:19,234 DEBUG com.sapient.training.aspect.LoggingAspect [http-nio-8082-exec-10] Exit: com.sapient.training.service.EmployeeServiceImpl.getAllEmployees() with result = [Employee(id=6, name=Rohit, job=Developer, hiredate=2015-10-15, salary=550000.0), Employee(id=7, name=Rohit, job=Developer, hiredate=2015-10-15, salary=550000.0), Employee(id=8, name=Rohit, job=Developer, hiredate=2015-10-15, salary=550000.0), Employee(id=9, name=Rohit, job=Developer, hiredate=2015-10-15, salary=550000.0), Employee(id=10, name=pk, job=software, hiredate=2020-09-25, salary=60000.0)]
2020-09-28 11:43:19,342 DEBUG com.sapient.training.aspect.LoggingAspect [http-nio-8082-exec-2] Enter: com.sapient.training.service.EmployeeServiceImpl.getAllEmployees() with argument[s] = []
2020-09-28 11:43:19,345 DEBUG com.sapient.training.aspect.LoggingAspect [http-nio-8082-exec-2] Exit: com.sapient.training.service.EmployeeServiceImpl.getAllEmployees() with result = [Employee(id=6, name=Rohit, job=Developer, hiredate=2015-10-15, salary=550000.0), Employee(id=7, name=Rohit, job=Developer, hiredate=2015-10-15, salary=550000.0), Employee(id=8, name=Rohit, job=Developer, hiredate=2015-10-15, salary=550000.0), Employee(id=9, name=Rohit, job=Developer, hiredate=2015-10-15, salary=550000.0), Employee(id=10, name=pk, job=software, hiredate=2020-09-25, salary=60000.0)]
2020-09-28 11:43:19,542 DEBUG com.sapient.training.aspect.LoggingAspect [http-nio-8082-exec-3] Enter: com.sapient.training.service.EmployeeServiceImpl.getAllEmployees() with argument[s] = []
2020-09-28 11:43:19,544 DEBUG com.sapient.training.aspect.LoggingAspect [http-nio-8082-exec-3] Exit: com.sapient.training.service.EmployeeServiceImpl.getAllEmployees() with result = [Employee(id=6, name=Rohit, job=Developer, hiredate=2015-10-15, salary=550000.0), Employee(id=7, name=Rohit, job=Developer, hiredate=2015-10-15, salary=550000.0), Employee(id=8, name=Rohit, job=Developer, hiredate=2015-10-15, salary=550000.0), Employee(id=9, name=Rohit, job=Developer, hiredate=2015-10-15, salary=550000.0), Employee(id=10, name=pk, job=software, hiredate=2020-09-25, salary=60000.0)]
2020-09-28 11:43:19,742 DEBUG com.sapient.training.aspect.LoggingAspect [http-nio-8082-exec-5] Enter: com.sapient.training.service.EmployeeServiceImpl.getAllEmployees() with argument[s] = []
2020-09-28 11:43:19,744 DEBUG com.sapient.training.aspect.LoggingAspect [http-nio-8082-exec-5] Exit: com.sapient.training.service.EmployeeServiceImpl.getAllEmployees() with result = [Employee(id=6, name=Rohit, job=Developer, hiredate=2015-10-15, salary=550000.0), Employee(id=7, name=Rohit, job=Developer, hiredate=2015-10-15, salary=550000.0), Employee(id=8, name=Rohit, job=Developer, hiredate=2015-10-15, salary=550000.0), Employee(id=9, name=Rohit, job=Developer, hiredate=2015-10-15, salary=550000.0), Employee(id=10, name=pk, job=software, hiredate=2020-09-25, salary=60000.0)]
2020-09-28 11:43:19,941 DEBUG com.sapient.training.aspect.LoggingAspect [http-nio-8082-exec-7] Enter: com.sapient.training.service.EmployeeServiceImpl.getAllEmployees() with argument[s] = []
2020-09-28 11:43:19,943 DEBUG com.sapient.training.aspect.LoggingAspect [http-nio-8082-exec-7] Exit: com.sapient.training.service.EmployeeServiceImpl.getAllEmployees() with result = [Employee(id=6, name=Rohit, job=Developer, hiredate=2015-10-15, salary=550000.0), Employee(id=7, name=Rohit, job=Developer, hiredate=2015-10-15, salary=550000.0), Employee(id=8, name=Rohit, job=Developer, hiredate=2015-10-15, salary=550000.0), Employee(id=9, name=Rohit, job=Developer, hiredate=2015-10-15, salary=550000.0), Employee(id=10, name=pk, job=software, hiredate=2020-09-25, salary=60000.0)]
2020-09-28 11:43:20,140 DEBUG com.sapient.training.aspect.LoggingAspect [http-nio-8082-exec-9] Enter: com.sapient.training.service.EmployeeServiceImpl.getAllEmployees() with argument[s] = []
2020-09-28 11:43:20,142 DEBUG com.sapient.training.aspect.LoggingAspect [http-nio-8082-exec-9] Exit: com.sapient.training.service.EmployeeServiceImpl.getAllEmployees() with result = [Employee(id=6, name=Rohit, job=Developer, hiredate=2015-10-15, salary=550000.0), Employee(id=7, name=Rohit, job=Developer, hiredate=2015-10-15, salary=550000.0), Employee(id=8, name=Rohit, job=Developer, hiredate=2015-10-15, salary=550000.0), Employee(id=9, name=Rohit, job=Developer, hiredate=2015-10-15, salary=550000.0), Employee(id=10, name=pk, job=software, hiredate=2020-09-25, salary=60000.0)]
2020-09-28 11:43:20,341 DEBUG com.sapient.training.aspect.LoggingAspect [http-nio-8082-exec-1] Enter: com.sapient.training.service.EmployeeServiceImpl.getAllEmployees() with argument[s] = []
2020-09-28 11:43:20,343 DEBUG com.sapient.training.aspect.LoggingAspect [http-nio-8082-exec-1] Exit: com.sapient.training.service.EmployeeServiceImpl.getAllEmployees() with result = [Employee(id=6, name=Rohit, job=Developer, hiredate=2015-10-15, salary=550000.0), Employee(id=7, name=Rohit, job=Developer, hiredate=2015-10-15, salary=550000.0), Employee(id=8, name=Rohit, job=Developer, hiredate=2015-10-15, salary=550000.0), Employee(id=9, name=Rohit, job=Developer, hiredate=2015-10-15, salary=550000.0), Employee(id=10, name=pk, job=software, hiredate=2020-09-25, salary=60000.0)]
2020-09-28 11:43:20,539 DEBUG com.sapient.training.aspect.LoggingAspect [http-nio-8082-exec-4] Enter: com.sapient.training.service.EmployeeServiceImpl.getAllEmployees() with argument[s] = []
2020-09-28 11:43:20,541 DEBUG com.sapient.training.aspect.LoggingAspect [http-nio-8082-exec-4] Exit: com.sapient.training.service.EmployeeServiceImpl.getAllEmployees() with result = [Employee(id=6, name=Rohit, job=Developer, hiredate=2015-10-15, salary=550000.0), Employee(id=7, name=Rohit, job=Developer, hiredate=2015-10-15, salary=550000.0), Employee(id=8, name=Rohit, job=Developer, hiredate=2015-10-15, salary=550000.0), Employee(id=9, name=Rohit, job=Developer, hiredate=2015-10-15, salary=550000.0), Employee(id=10, name=pk, job=software, hiredate=2020-09-25, salary=60000.0)]
2020-09-28 11:43:20,741 DEBUG com.sapient.training.aspect.LoggingAspect [http-nio-8082-exec-5] Enter: com.sapient.training.service.EmployeeServiceImpl.getAllEmployees() with argument[s] = []
2020-09-28 11:43:20,742 DEBUG com.sapient.training.aspect.LoggingAspect [http-nio-8082-exec-5] Exit: com.sapient.training.service.EmployeeServiceImpl.getAllEmployees() with result = [Employee(id=6, name=Rohit, job=Developer, hiredate=2015-10-15, salary=550000.0), Employee(id=7, name=Rohit, job=Developer, hiredate=2015-10-15, salary=550000.0), Employee(id=8, name=Rohit, job=Developer, hiredate=2015-10-15, salary=550000.0), Employee(id=9, name=Rohit, job=Developer, hiredate=2015-10-15, salary=550000.0), Employee(id=10, name=pk, job=software, hiredate=2020-09-25, salary=60000.0)]
2020-09-28 11:43:20,940 DEBUG com.sapient.training.aspect.LoggingAspect [http-nio-8082-exec-7] Enter: com.sapient.training.service.EmployeeServiceImpl.getAllEmployees() with argument[s] = []
2020-09-28 11:43:20,941 DEBUG com.sapient.training.aspect.LoggingAspect [http-nio-8082-exec-7] Exit: com.sapient.training.service.EmployeeServiceImpl.getAllEmployees() with result = [Employee(id=6, name=Rohit, job=Developer, hiredate=2015-10-15, salary=550000.0), Employee(id=7, name=Rohit, job=Developer, hiredate=2015-10-15, salary=550000.0), Employee(id=8, name=Rohit, job=Developer, hiredate=2015-10-15, salary=550000.0), Employee(id=9, name=Rohit, job=Developer, hiredate=2015-10-15, salary=550000.0), Employee(id=10, name=pk, job=software, hiredate=2020-09-25, salary=60000.0)]
2020-09-28 11:47:10,577 DEBUG com.sapient.training.aspect.LoggingAspect [http-nio-8082-exec-9] Enter: com.sapient.training.service.EmployeeServiceImpl.getAllEmployees() with argument[s] = []
2020-09-28 11:47:10,580 DEBUG com.sapient.training.aspect.LoggingAspect [http-nio-8082-exec-9] Exit: com.sapient.training.service.EmployeeServiceImpl.getAllEmployees() with result = [Employee(id=6, name=Rohit, job=Developer, hiredate=2015-10-15, salary=550000.0), Employee(id=7, name=Rohit, job=Developer, hiredate=2015-10-15, salary=550000.0), Employee(id=8, name=Rohit, job=Developer, hiredate=2015-10-15, salary=550000.0), Employee(id=9, name=Rohit, job=Developer, hiredate=2015-10-15, salary=550000.0), Employee(id=10, name=pk, job=software, hiredate=2020-09-25, salary=60000.0)]
2020-09-28 11:47:10,663 DEBUG com.sapient.training.aspect.LoggingAspect [http-nio-8082-exec-1] Enter: com.sapient.training.service.EmployeeServiceImpl.getAllEmployees() with argument[s] = []
2020-09-28 11:47:10,665 DEBUG com.sapient.training.aspect.LoggingAspect [http-nio-8082-exec-1] Exit: com.sapient.training.service.EmployeeServiceImpl.getAllEmployees() with result = [Employee(id=6, name=Rohit, job=Developer, hiredate=2015-10-15, salary=550000.0), Employee(id=7, name=Rohit, job=Developer, hiredate=2015-10-15, salary=550000.0), Employee(id=8, name=Rohit, job=Developer, hiredate=2015-10-15, salary=550000.0), Employee(id=9, name=Rohit, job=Developer, hiredate=2015-10-15, salary=550000.0), Employee(id=10, name=pk, job=software, hiredate=2020-09-25, salary=60000.0)]
2020-09-28 11:47:10,868 DEBUG com.sapient.training.aspect.LoggingAspect [http-nio-8082-exec-2] Enter: com.sapient.training.service.EmployeeServiceImpl.getAllEmployees() with argument[s] = []
2020-09-28 11:47:10,872 DEBUG com.sapient.training.aspect.LoggingAspect [http-nio-8082-exec-2] Exit: com.sapient.training.service.EmployeeServiceImpl.getAllEmployees() with result = [Employee(id=6, name=Rohit, job=Developer, hiredate=2015-10-15, salary=550000.0), Employee(id=7, name=Rohit, job=Developer, hiredate=2015-10-15, salary=550000.0), Employee(id=8, name=Rohit, job=Developer, hiredate=2015-10-15, salary=550000.0), Employee(id=9, name=Rohit, job=Developer, hiredate=2015-10-15, salary=550000.0), Employee(id=10, name=pk, job=software, hiredate=2020-09-25, salary=60000.0)]
2020-09-28 11:47:11,062 DEBUG com.sapient.training.aspect.LoggingAspect [http-nio-8082-exec-3] Enter: com.sapient.training.service.EmployeeServiceImpl.getAllEmployees() with argument[s] = []
2020-09-28 11:47:11,063 DEBUG com.sapient.training.aspect.LoggingAspect [http-nio-8082-exec-3] Exit: com.sapient.training.service.EmployeeServiceImpl.getAllEmployees() with result = [Employee(id=6, name=Rohit, job=Developer, hiredate=2015-10-15, salary=550000.0), Employee(id=7, name=Rohit, job=Developer, hiredate=2015-10-15, salary=550000.0), Employee(id=8, name=Rohit, job=Developer, hiredate=2015-10-15, salary=550000.0), Employee(id=9, name=Rohit, job=Developer, hiredate=2015-10-15, salary=550000.0), Employee(id=10, name=pk, job=software, hiredate=2020-09-25, salary=60000.0)]
2020-09-28 11:47:11,268 DEBUG com.sapient.training.aspect.LoggingAspect [http-nio-8082-exec-6] Enter: com.sapient.training.service.EmployeeServiceImpl.getAllEmployees() with argument[s] = []
2020-09-28 11:47:11,270 DEBUG com.sapient.training.aspect.LoggingAspect [http-nio-8082-exec-6] Exit: com.sapient.training.service.EmployeeServiceImpl.getAllEmployees() with result = [Employee(id=6, name=Rohit, job=Developer, hiredate=2015-10-15, salary=550000.0), Employee(id=7, name=Rohit, job=Developer, hiredate=2015-10-15, salary=550000.0), Employee(id=8, name=Rohit, job=Developer, hiredate=2015-10-15, salary=550000.0), Employee(id=9, name=Rohit, job=Developer, hiredate=2015-10-15, salary=550000.0), Employee(id=10, name=pk, job=software, hiredate=2020-09-25, salary=60000.0)]
2020-09-28 11:47:11,462 DEBUG com.sapient.training.aspect.LoggingAspect [http-nio-8082-exec-8] Enter: com.sapient.training.service.EmployeeServiceImpl.getAllEmployees() with argument[s] = []
2020-09-28 11:47:11,463 DEBUG com.sapient.training.aspect.LoggingAspect [http-nio-8082-exec-8] Exit: com.sapient.training.service.EmployeeServiceImpl.getAllEmployees() with result = [Employee(id=6, name=Rohit, job=Developer, hiredate=2015-10-15, salary=550000.0), Employee(id=7, name=Rohit, job=Developer, hiredate=2015-10-15, salary=550000.0), Employee(id=8, name=Rohit, job=Developer, hiredate=2015-10-15, salary=550000.0), Employee(id=9, name=Rohit, job=Developer, hiredate=2015-10-15, salary=550000.0), Employee(id=10, name=pk, job=software, hiredate=2020-09-25, salary=60000.0)]
2020-09-28 11:47:11,665 DEBUG com.sapient.training.aspect.LoggingAspect [http-nio-8082-exec-10] Enter: com.sapient.training.service.EmployeeServiceImpl.getAllEmployees() with argument[s] = []
2020-09-28 11:47:11,667 DEBUG com.sapient.training.aspect.LoggingAspect [http-nio-8082-exec-10] Exit: com.sapient.training.service.EmployeeServiceImpl.getAllEmployees() with result = [Employee(id=6, name=Rohit, job=Developer, hiredate=2015-10-15, salary=550000.0), Employee(id=7, name=Rohit, job=Developer, hiredate=2015-10-15, salary=550000.0), Employee(id=8, name=Rohit, job=Developer, hiredate=2015-10-15, salary=550000.0), Employee(id=9, name=Rohit, job=Developer, hiredate=2015-10-15, salary=550000.0), Employee(id=10, name=pk, job=software, hiredate=2020-09-25, salary=60000.0)]
2020-09-28 11:47:11,864 DEBUG com.sapient.training.aspect.LoggingAspect [http-nio-8082-exec-2] Enter: com.sapient.training.service.EmployeeServiceImpl.getAllEmployees() with argument[s] = []
2020-09-28 11:47:11,865 DEBUG com.sapient.training.aspect.LoggingAspect [http-nio-8082-exec-2] Exit: com.sapient.training.service.EmployeeServiceImpl.getAllEmployees() with result = [Employee(id=6, name=Rohit, job=Developer, hiredate=2015-10-15, salary=550000.0), Employee(id=7, name=Rohit, job=Developer, hiredate=2015-10-15, salary=550000.0), Employee(id=8, name=Rohit, job=Developer, hiredate=2015-10-15, salary=550000.0), Employee(id=9, name=Rohit, job=Developer, hiredate=2015-10-15, salary=550000.0), Employee(id=10, name=pk, job=software, hiredate=2020-09-25, salary=60000.0)]
2020-09-28 11:47:12,063 DEBUG com.sapient.training.aspect.LoggingAspect [http-nio-8082-exec-3] Enter: com.sapient.training.service.EmployeeServiceImpl.getAllEmployees() with argument[s] = []
2020-09-28 11:47:12,064 DEBUG com.sapient.training.aspect.LoggingAspect [http-nio-8082-exec-3] Exit: com.sapient.training.service.EmployeeServiceImpl.getAllEmployees() with result = [Employee(id=6, name=Rohit, job=Developer, hiredate=2015-10-15, salary=550000.0), Employee(id=7, name=Rohit, job=Developer, hiredate=2015-10-15, salary=550000.0), Employee(id=8, name=Rohit, job=Developer, hiredate=2015-10-15, salary=550000.0), Employee(id=9, name=Rohit, job=Developer, hiredate=2015-10-15, salary=550000.0), Employee(id=10, name=pk, job=software, hiredate=2020-09-25, salary=60000.0)]
2020-09-28 11:47:12,264 DEBUG com.sapient.training.aspect.LoggingAspect [http-nio-8082-exec-6] Enter: com.sapient.training.service.EmployeeServiceImpl.getAllEmployees() with argument[s] = []
2020-09-28 11:47:12,265 DEBUG com.sapient.training.aspect.LoggingAspect [http-nio-8082-exec-6] Exit: com.sapient.training.service.EmployeeServiceImpl.getAllEmployees() with result = [Employee(id=6, name=Rohit, job=Developer, hiredate=2015-10-15, salary=550000.0), Employee(id=7, name=Rohit, job=Developer, hiredate=2015-10-15, salary=550000.0), Employee(id=8, name=Rohit, job=Developer, hiredate=2015-10-15, salary=550000.0), Employee(id=9, name=Rohit, job=Developer, hiredate=2015-10-15, salary=550000.0), Employee(id=10, name=pk, job=software, hiredate=2020-09-25, salary=60000.0)]
2020-09-28 12:25:08,925 INFO com.sapient.training.app.SpringDataJpaAppApplication [restartedMain] Starting SpringDataJpaAppApplication on WKWIN7126451 with PID 11884 (C:\Users\puskumar3\Desktop\spring project\spring-data-jpa-app\spring-data-jpa-app\target\classes started by puskumar3 in C:\Users\puskumar3\Desktop\spring project\spring-data-jpa-app\spring-data-jpa-app)
2020-09-28 12:25:08,927 DEBUG com.sapient.training.app.SpringDataJpaAppApplication [restartedMain] Running with Spring Boot v2.3.4.RELEASE, Spring v5.2.9.RELEASE
2020-09-28 12:25:08,928 INFO com.sapient.training.app.SpringDataJpaAppApplication [restartedMain] No active profile set, falling back to default profiles: default
2020-09-28 12:25:09,006 INFO org.springframework.boot.devtools.env.DevToolsPropertyDefaultsPostProcessor [restartedMain] Devtools property defaults active! Set 'spring.devtools.add-properties' to 'false' to disable
2020-09-28 12:25:09,007 INFO org.springframework.boot.devtools.env.DevToolsPropertyDefaultsPostProcessor [restartedMain] For additional web related logging consider setting the 'logging.level.web' property to 'DEBUG'
2020-09-28 12:25:09,852 INFO org.springframework.data.repository.config.RepositoryConfigurationDelegate [restartedMain] Bootstrapping Spring Data JPA repositories in DEFAULT mode.
2020-09-28 12:25:09,925 INFO org.springframework.data.repository.config.RepositoryConfigurationDelegate [restartedMain] Finished Spring Data repository scanning in 60ms. Found 1 JPA repository interfaces.
2020-09-28 12:25:11,171 INFO org.springframework.boot.web.embedded.tomcat.TomcatWebServer [restartedMain] Tomcat initialized with port(s): 8082 (http)
2020-09-28 12:25:11,184 INFO org.apache.coyote.http11.Http11NioProtocol [restartedMain] Initializing ProtocolHandler ["http-nio-8082"]
2020-09-28 12:25:11,184 INFO org.apache.catalina.core.StandardService [restartedMain] Starting service [Tomcat]
2020-09-28 12:25:11,184 INFO org.apache.catalina.core.StandardEngine [restartedMain] Starting Servlet engine: [Apache Tomcat/9.0.38]
2020-09-28 12:25:11,186 INFO org.apache.catalina.core.AprLifecycleListener [restartedMain] Loaded Apache Tomcat Native library [1.2.24] using APR version [1.7.0].
2020-09-28 12:25:11,187 INFO org.apache.catalina.core.AprLifecycleListener [restartedMain] APR capabilities: IPv6 [true], sendfile [true], accept filters [false], random [true].
2020-09-28 12:25:11,187 INFO org.apache.catalina.core.AprLifecycleListener [restartedMain] APR/OpenSSL configuration: useAprConnector [false], useOpenSSL [true]
2020-09-28 12:25:11,189 INFO org.apache.catalina.core.AprLifecycleListener [restartedMain] OpenSSL successfully initialized [OpenSSL 1.1.1g  21 Apr 2020]
2020-09-28 12:25:11,339 INFO org.apache.catalina.core.ContainerBase.[Tomcat].[localhost].[/springfox] [restartedMain] Initializing Spring embedded WebApplicationContext
2020-09-28 12:25:11,340 INFO org.springframework.boot.web.servlet.context.ServletWebServerApplicationContext [restartedMain] Root WebApplicationContext: initialization completed in 2333 ms
2020-09-28 12:25:11,721 INFO org.hibernate.jpa.internal.util.LogHelper [restartedMain] HHH000204: Processing PersistenceUnitInfo [name: default]
2020-09-28 12:25:11,772 INFO org.hibernate.Version [restartedMain] HHH000412: Hibernate ORM core version 5.4.21.Final
2020-09-28 12:25:11,896 INFO org.hibernate.annotations.common.Version [restartedMain] HCANN000001: Hibernate Commons Annotations {5.1.0.Final}
2020-09-28 12:25:11,980 INFO com.zaxxer.hikari.HikariDataSource [restartedMain] HikariPool-1 - Starting...
2020-09-28 12:25:12,656 INFO com.zaxxer.hikari.HikariDataSource [restartedMain] HikariPool-1 - Start completed.
2020-09-28 12:25:12,686 INFO org.hibernate.dialect.Dialect [restartedMain] HHH000400: Using dialect: org.hibernate.dialect.PostgreSQL10Dialect
2020-09-28 12:25:13,374 INFO org.hibernate.engine.transaction.jta.platform.internal.JtaPlatformInitiator [restartedMain] HHH000490: Using JtaPlatform implementation: [org.hibernate.engine.transaction.jta.platform.internal.NoJtaPlatform]
2020-09-28 12:25:13,383 INFO org.springframework.orm.jpa.LocalContainerEntityManagerFactoryBean [restartedMain] Initialized JPA EntityManagerFactory for persistence unit 'default'
2020-09-28 12:25:13,398 WARN org.springframework.boot.devtools.autoconfigure.OptionalLiveReloadServer [restartedMain] Unable to start LiveReload server
2020-09-28 12:25:14,420 WARN org.springframework.boot.autoconfigure.orm.jpa.JpaBaseConfiguration$JpaWebConfiguration [restartedMain] spring.jpa.open-in-view is enabled by default. Therefore, database queries may be performed during view rendering. Explicitly configure spring.jpa.open-in-view to disable this warning
2020-09-28 12:25:14,722 INFO org.springframework.boot.actuate.endpoint.web.EndpointLinksResolver [restartedMain] Exposing 2 endpoint(s) beneath base path '/actuator'
2020-09-28 12:25:15,366 INFO org.apache.coyote.http11.Http11NioProtocol [restartedMain] Starting ProtocolHandler ["http-nio-8082"]
2020-09-28 12:25:15,383 WARN org.springframework.boot.web.servlet.context.AnnotationConfigServletWebServerApplicationContext [restartedMain] Exception encountered during context initialization - cancelling refresh attempt: org.springframework.context.ApplicationContextException: Failed to start bean 'webServerStartStop'; nested exception is org.springframework.boot.web.server.PortInUseException: Port 8082 is already in use
2020-09-28 12:25:15,388 INFO org.springframework.orm.jpa.LocalContainerEntityManagerFactoryBean [restartedMain] Closing JPA EntityManagerFactory for persistence unit 'default'
2020-09-28 12:25:15,395 INFO com.zaxxer.hikari.HikariDataSource [restartedMain] HikariPool-1 - Shutdown initiated...
2020-09-28 12:25:15,877 INFO com.zaxxer.hikari.HikariDataSource [restartedMain] HikariPool-1 - Shutdown completed.
2020-09-28 12:25:15,881 INFO org.apache.coyote.http11.Http11NioProtocol [restartedMain] Pausing ProtocolHandler ["http-nio-8082"]
2020-09-28 12:25:15,881 INFO org.apache.catalina.core.StandardService [restartedMain] Stopping service [Tomcat]
2020-09-28 12:25:15,886 INFO org.apache.coyote.http11.Http11NioProtocol [restartedMain] Stopping ProtocolHandler ["http-nio-8082"]
2020-09-28 12:25:15,886 INFO org.apache.coyote.http11.Http11NioProtocol [restartedMain] Destroying ProtocolHandler ["http-nio-8082"]
2020-09-28 12:25:15,898 INFO org.springframework.boot.autoconfigure.logging.ConditionEvaluationReportLoggingListener [restartedMain] 

Error starting ApplicationContext. To display the conditions report re-run your application with 'debug' enabled.
2020-09-28 12:25:15,900 ERROR org.springframework.boot.diagnostics.LoggingFailureAnalysisReporter [restartedMain] 

***************************
APPLICATION FAILED TO START
***************************

Description:

Web server failed to start. Port 8082 was already in use.

Action:

Identify and stop the process that's listening on port 8082 or configure this application to listen on another port.

