2020-09-24 16:45:08,220 INFO com.sapient.training.app.SpringDataJpaAppApplication [restartedMain] Starting SpringDataJpaAppApplication on WKWIN7126451 with PID 11888 (C:\Users\puskumar3\Desktop\spring project\spring-data-jpa-app\spring-data-jpa-app\target\classes started by puskumar3 in C:\Users\puskumar3\Desktop\spring project\spring-data-jpa-app\spring-data-jpa-app)
2020-09-24 16:45:08,220 DEBUG com.sapient.training.app.SpringDataJpaAppApplication [restartedMain] Running with Spring Boot v2.3.4.RELEASE, Spring v5.2.9.RELEASE
2020-09-24 16:45:08,220 INFO com.sapient.training.app.SpringDataJpaAppApplication [restartedMain] No active profile set, falling back to default profiles: default
2020-09-24 16:45:08,446 INFO org.springframework.data.repository.config.RepositoryConfigurationDelegate [restartedMain] Bootstrapping Spring Data JPA repositories in DEFAULT mode.
2020-09-24 16:45:08,460 INFO org.springframework.data.repository.config.RepositoryConfigurationDelegate [restartedMain] Finished Spring Data repository scanning in 12ms. Found 1 JPA repository interfaces.
2020-09-24 16:45:08,667 INFO org.springframework.boot.web.embedded.tomcat.TomcatWebServer [restartedMain] Tomcat initialized with port(s): 8082 (http)
2020-09-24 16:45:08,667 INFO org.apache.coyote.http11.Http11NioProtocol [restartedMain] Initializing ProtocolHandler ["http-nio-8082"]
2020-09-24 16:45:08,668 INFO org.apache.catalina.core.StandardService [restartedMain] Starting service [Tomcat]
2020-09-24 16:45:08,668 INFO org.apache.catalina.core.StandardEngine [restartedMain] Starting Servlet engine: [Apache Tomcat/9.0.38]
2020-09-24 16:45:08,668 INFO org.apache.catalina.core.AprLifecycleListener [restartedMain] Loaded Apache Tomcat Native library [1.2.24] using APR version [1.7.0].
2020-09-24 16:45:08,668 INFO org.apache.catalina.core.AprLifecycleListener [restartedMain] APR capabilities: IPv6 [true], sendfile [true], accept filters [false], random [true].
2020-09-24 16:45:08,668 INFO org.apache.catalina.core.AprLifecycleListener [restartedMain] APR/OpenSSL configuration: useAprConnector [false], useOpenSSL [true]
2020-09-24 16:45:08,669 INFO org.apache.catalina.core.AprLifecycleListener [restartedMain] OpenSSL successfully initialized [OpenSSL 1.1.1g  21 Apr 2020]
2020-09-24 16:45:08,682 INFO org.apache.catalina.core.ContainerBase.[Tomcat].[localhost].[/] [restartedMain] Initializing Spring embedded WebApplicationContext
2020-09-24 16:45:08,682 INFO org.springframework.boot.web.servlet.context.ServletWebServerApplicationContext [restartedMain] Root WebApplicationContext: initialization completed in 459 ms
2020-09-24 16:45:08,767 INFO org.hibernate.jpa.internal.util.LogHelper [restartedMain] HHH000204: Processing PersistenceUnitInfo [name: default]
2020-09-24 16:45:08,771 INFO com.zaxxer.hikari.HikariDataSource [restartedMain] HikariPool-2 - Starting...
2020-09-24 16:45:09,374 INFO com.zaxxer.hikari.HikariDataSource [restartedMain] HikariPool-2 - Start completed.
2020-09-24 16:45:09,375 INFO org.hibernate.dialect.Dialect [restartedMain] HHH000400: Using dialect: org.hibernate.dialect.PostgreSQL10Dialect
2020-09-24 16:45:09,525 INFO org.hibernate.engine.transaction.jta.platform.internal.JtaPlatformInitiator [restartedMain] HHH000490: Using JtaPlatform implementation: [org.hibernate.engine.transaction.jta.platform.internal.NoJtaPlatform]
2020-09-24 16:45:09,525 INFO org.springframework.orm.jpa.LocalContainerEntityManagerFactoryBean [restartedMain] Initialized JPA EntityManagerFactory for persistence unit 'default'
2020-09-24 16:45:09,529 INFO org.springframework.boot.devtools.autoconfigure.OptionalLiveReloadServer [restartedMain] LiveReload server is running on port 35729
2020-09-24 16:45:09,654 WARN org.springframework.boot.autoconfigure.orm.jpa.JpaBaseConfiguration$JpaWebConfiguration [restartedMain] spring.jpa.open-in-view is enabled by default. Therefore, database queries may be performed during view rendering. Explicitly configure spring.jpa.open-in-view to disable this warning
2020-09-24 16:45:09,705 INFO org.springframework.scheduling.concurrent.ThreadPoolTaskExecutor [restartedMain] Initializing ExecutorService 'applicationTaskExecutor'
2020-09-24 16:45:09,858 INFO org.springframework.boot.actuate.endpoint.web.EndpointLinksResolver [restartedMain] Exposing 2 endpoint(s) beneath base path '/actuator'
2020-09-24 16:45:09,870 INFO org.apache.coyote.http11.Http11NioProtocol [restartedMain] Starting ProtocolHandler ["http-nio-8082"]
2020-09-24 16:45:09,874 INFO org.springframework.boot.web.embedded.tomcat.TomcatWebServer [restartedMain] Tomcat started on port(s): 8082 (http) with context path ''
2020-09-24 16:45:09,879 INFO com.sapient.training.app.SpringDataJpaAppApplication [restartedMain] Started SpringDataJpaAppApplication in 1.694 seconds (JVM running for 171.722)
2020-09-24 16:45:09,883 INFO org.springframework.boot.devtools.autoconfigure.ConditionEvaluationDeltaLoggingListener [restartedMain] Condition evaluation unchanged
2020-09-24 16:45:16,615 INFO com.sapient.training.app.SpringDataJpaAppApplication [restartedMain] Starting SpringDataJpaAppApplication on WKWIN7126451 with PID 7904 (C:\Users\puskumar3\Desktop\spring project\spring-data-jpa-app\spring-data-jpa-app\target\classes started by puskumar3 in C:\Users\puskumar3\Desktop\spring project\spring-data-jpa-app\spring-data-jpa-app)
2020-09-24 16:45:16,617 DEBUG com.sapient.training.app.SpringDataJpaAppApplication [restartedMain] Running with Spring Boot v2.3.4.RELEASE, Spring v5.2.9.RELEASE
2020-09-24 16:45:16,618 INFO com.sapient.training.app.SpringDataJpaAppApplication [restartedMain] No active profile set, falling back to default profiles: default
2020-09-24 16:45:16,711 INFO org.springframework.boot.devtools.env.DevToolsPropertyDefaultsPostProcessor [restartedMain] Devtools property defaults active! Set 'spring.devtools.add-properties' to 'false' to disable
2020-09-24 16:45:16,711 INFO org.springframework.boot.devtools.env.DevToolsPropertyDefaultsPostProcessor [restartedMain] For additional web related logging consider setting the 'logging.level.web' property to 'DEBUG'
2020-09-24 16:45:17,484 INFO org.springframework.data.repository.config.RepositoryConfigurationDelegate [restartedMain] Bootstrapping Spring Data JPA repositories in DEFAULT mode.
2020-09-24 16:45:17,577 INFO org.springframework.data.repository.config.RepositoryConfigurationDelegate [restartedMain] Finished Spring Data repository scanning in 84ms. Found 1 JPA repository interfaces.
2020-09-24 16:45:19,305 INFO org.springframework.boot.web.embedded.tomcat.TomcatWebServer [restartedMain] Tomcat initialized with port(s): 8082 (http)
2020-09-24 16:45:19,315 INFO org.apache.coyote.http11.Http11NioProtocol [restartedMain] Initializing ProtocolHandler ["http-nio-8082"]
2020-09-24 16:45:19,315 INFO org.apache.catalina.core.StandardService [restartedMain] Starting service [Tomcat]
2020-09-24 16:45:19,316 INFO org.apache.catalina.core.StandardEngine [restartedMain] Starting Servlet engine: [Apache Tomcat/9.0.38]
2020-09-24 16:45:19,318 INFO org.apache.catalina.core.AprLifecycleListener [restartedMain] Loaded Apache Tomcat Native library [1.2.24] using APR version [1.7.0].
2020-09-24 16:45:19,318 INFO org.apache.catalina.core.AprLifecycleListener [restartedMain] APR capabilities: IPv6 [true], sendfile [true], accept filters [false], random [true].
2020-09-24 16:45:19,318 INFO org.apache.catalina.core.AprLifecycleListener [restartedMain] APR/OpenSSL configuration: useAprConnector [false], useOpenSSL [true]
2020-09-24 16:45:19,325 INFO org.apache.catalina.core.AprLifecycleListener [restartedMain] OpenSSL successfully initialized [OpenSSL 1.1.1g  21 Apr 2020]
2020-09-24 16:45:19,421 INFO org.apache.catalina.core.ContainerBase.[Tomcat].[localhost].[/] [restartedMain] Initializing Spring embedded WebApplicationContext
2020-09-24 16:45:19,422 INFO org.springframework.boot.web.servlet.context.ServletWebServerApplicationContext [restartedMain] Root WebApplicationContext: initialization completed in 2711 ms
2020-09-24 16:45:20,136 INFO org.hibernate.jpa.internal.util.LogHelper [restartedMain] HHH000204: Processing PersistenceUnitInfo [name: default]
2020-09-24 16:45:20,239 INFO org.hibernate.Version [restartedMain] HHH000412: Hibernate ORM core version 5.4.21.Final
2020-09-24 16:45:20,376 INFO org.hibernate.annotations.common.Version [restartedMain] HCANN000001: Hibernate Commons Annotations {5.1.0.Final}
2020-09-24 16:45:20,468 INFO com.zaxxer.hikari.HikariDataSource [restartedMain] HikariPool-1 - Starting...
2020-09-24 16:45:21,098 INFO com.zaxxer.hikari.HikariDataSource [restartedMain] HikariPool-1 - Start completed.
2020-09-24 16:45:21,128 INFO org.hibernate.dialect.Dialect [restartedMain] HHH000400: Using dialect: org.hibernate.dialect.PostgreSQL10Dialect
2020-09-24 16:45:21,917 INFO org.hibernate.engine.transaction.jta.platform.internal.JtaPlatformInitiator [restartedMain] HHH000490: Using JtaPlatform implementation: [org.hibernate.engine.transaction.jta.platform.internal.NoJtaPlatform]
2020-09-24 16:45:21,923 INFO org.springframework.orm.jpa.LocalContainerEntityManagerFactoryBean [restartedMain] Initialized JPA EntityManagerFactory for persistence unit 'default'
2020-09-24 16:45:21,934 WARN org.springframework.boot.devtools.autoconfigure.OptionalLiveReloadServer [restartedMain] Unable to start LiveReload server
2020-09-24 16:45:22,533 WARN org.springframework.boot.autoconfigure.orm.jpa.JpaBaseConfiguration$JpaWebConfiguration [restartedMain] spring.jpa.open-in-view is enabled by default. Therefore, database queries may be performed during view rendering. Explicitly configure spring.jpa.open-in-view to disable this warning
2020-09-24 16:45:22,707 INFO org.springframework.scheduling.concurrent.ThreadPoolTaskExecutor [restartedMain] Initializing ExecutorService 'applicationTaskExecutor'
2020-09-24 16:45:23,250 INFO org.springframework.boot.actuate.endpoint.web.EndpointLinksResolver [restartedMain] Exposing 2 endpoint(s) beneath base path '/actuator'
2020-09-24 16:45:23,279 INFO org.apache.coyote.http11.Http11NioProtocol [restartedMain] Starting ProtocolHandler ["http-nio-8082"]
2020-09-24 16:45:23,294 WARN org.springframework.boot.web.servlet.context.AnnotationConfigServletWebServerApplicationContext [restartedMain] Exception encountered during context initialization - cancelling refresh attempt: org.springframework.context.ApplicationContextException: Failed to start bean 'webServerStartStop'; nested exception is org.springframework.boot.web.server.PortInUseException: Port 8082 is already in use
2020-09-24 16:45:23,295 INFO org.springframework.scheduling.concurrent.ThreadPoolTaskExecutor [restartedMain] Shutting down ExecutorService 'applicationTaskExecutor'
2020-09-24 16:45:23,296 INFO org.springframework.orm.jpa.LocalContainerEntityManagerFactoryBean [restartedMain] Closing JPA EntityManagerFactory for persistence unit 'default'
2020-09-24 16:45:23,300 INFO com.zaxxer.hikari.HikariDataSource [restartedMain] HikariPool-1 - Shutdown initiated...
2020-09-24 16:45:23,413 INFO com.zaxxer.hikari.HikariDataSource [restartedMain] HikariPool-1 - Shutdown completed.
2020-09-24 16:45:23,416 INFO org.apache.coyote.http11.Http11NioProtocol [restartedMain] Pausing ProtocolHandler ["http-nio-8082"]
2020-09-24 16:45:23,416 INFO org.apache.catalina.core.StandardService [restartedMain] Stopping service [Tomcat]
2020-09-24 16:45:23,420 INFO org.apache.coyote.http11.Http11NioProtocol [restartedMain] Stopping ProtocolHandler ["http-nio-8082"]
2020-09-24 16:45:23,421 INFO org.apache.coyote.http11.Http11NioProtocol [restartedMain] Destroying ProtocolHandler ["http-nio-8082"]
2020-09-24 16:45:23,434 INFO org.springframework.boot.autoconfigure.logging.ConditionEvaluationReportLoggingListener [restartedMain] 

Error starting ApplicationContext. To display the conditions report re-run your application with 'debug' enabled.
2020-09-24 16:45:23,436 ERROR org.springframework.boot.diagnostics.LoggingFailureAnalysisReporter [restartedMain] 

***************************
APPLICATION FAILED TO START
***************************

Description:

Web server failed to start. Port 8082 was already in use.

Action:

Identify and stop the process that's listening on port 8082 or configure this application to listen on another port.

2020-09-24 16:47:38,738 INFO com.sapient.training.app.SpringDataJpaAppApplication [restartedMain] Starting SpringDataJpaAppApplication on WKWIN7126451 with PID 11796 (C:\Users\puskumar3\Desktop\spring project\spring-data-jpa-app\spring-data-jpa-app\target\classes started by puskumar3 in C:\Users\puskumar3\Desktop\spring project\spring-data-jpa-app\spring-data-jpa-app)
2020-09-24 16:47:38,740 DEBUG com.sapient.training.app.SpringDataJpaAppApplication [restartedMain] Running with Spring Boot v2.3.4.RELEASE, Spring v5.2.9.RELEASE
2020-09-24 16:47:38,741 INFO com.sapient.training.app.SpringDataJpaAppApplication [restartedMain] No active profile set, falling back to default profiles: default
2020-09-24 16:47:38,829 INFO org.springframework.boot.devtools.env.DevToolsPropertyDefaultsPostProcessor [restartedMain] Devtools property defaults active! Set 'spring.devtools.add-properties' to 'false' to disable
2020-09-24 16:47:38,829 INFO org.springframework.boot.devtools.env.DevToolsPropertyDefaultsPostProcessor [restartedMain] For additional web related logging consider setting the 'logging.level.web' property to 'DEBUG'
2020-09-24 16:47:39,660 INFO org.springframework.data.repository.config.RepositoryConfigurationDelegate [restartedMain] Bootstrapping Spring Data JPA repositories in DEFAULT mode.
2020-09-24 16:47:39,723 INFO org.springframework.data.repository.config.RepositoryConfigurationDelegate [restartedMain] Finished Spring Data repository scanning in 53ms. Found 1 JPA repository interfaces.
2020-09-24 16:47:41,073 INFO org.springframework.boot.web.embedded.tomcat.TomcatWebServer [restartedMain] Tomcat initialized with port(s): 8082 (http)
2020-09-24 16:47:41,082 INFO org.apache.coyote.http11.Http11NioProtocol [restartedMain] Initializing ProtocolHandler ["http-nio-8082"]
2020-09-24 16:47:41,082 INFO org.apache.catalina.core.StandardService [restartedMain] Starting service [Tomcat]
2020-09-24 16:47:41,082 INFO org.apache.catalina.core.StandardEngine [restartedMain] Starting Servlet engine: [Apache Tomcat/9.0.38]
2020-09-24 16:47:41,084 INFO org.apache.catalina.core.AprLifecycleListener [restartedMain] Loaded Apache Tomcat Native library [1.2.24] using APR version [1.7.0].
2020-09-24 16:47:41,084 INFO org.apache.catalina.core.AprLifecycleListener [restartedMain] APR capabilities: IPv6 [true], sendfile [true], accept filters [false], random [true].
2020-09-24 16:47:41,084 INFO org.apache.catalina.core.AprLifecycleListener [restartedMain] APR/OpenSSL configuration: useAprConnector [false], useOpenSSL [true]
2020-09-24 16:47:41,086 INFO org.apache.catalina.core.AprLifecycleListener [restartedMain] OpenSSL successfully initialized [OpenSSL 1.1.1g  21 Apr 2020]
2020-09-24 16:47:41,160 INFO org.apache.catalina.core.ContainerBase.[Tomcat].[localhost].[/] [restartedMain] Initializing Spring embedded WebApplicationContext
2020-09-24 16:47:41,160 INFO org.springframework.boot.web.servlet.context.ServletWebServerApplicationContext [restartedMain] Root WebApplicationContext: initialization completed in 2331 ms
2020-09-24 16:47:41,593 INFO org.hibernate.jpa.internal.util.LogHelper [restartedMain] HHH000204: Processing PersistenceUnitInfo [name: default]
2020-09-24 16:47:41,642 INFO org.hibernate.Version [restartedMain] HHH000412: Hibernate ORM core version 5.4.21.Final
2020-09-24 16:47:41,784 INFO org.hibernate.annotations.common.Version [restartedMain] HCANN000001: Hibernate Commons Annotations {5.1.0.Final}
2020-09-24 16:47:41,887 INFO com.zaxxer.hikari.HikariDataSource [restartedMain] HikariPool-1 - Starting...
2020-09-24 16:47:42,496 INFO com.zaxxer.hikari.HikariDataSource [restartedMain] HikariPool-1 - Start completed.
2020-09-24 16:47:42,524 INFO org.hibernate.dialect.Dialect [restartedMain] HHH000400: Using dialect: org.hibernate.dialect.PostgreSQL10Dialect
2020-09-24 16:47:43,138 INFO org.hibernate.engine.transaction.jta.platform.internal.JtaPlatformInitiator [restartedMain] HHH000490: Using JtaPlatform implementation: [org.hibernate.engine.transaction.jta.platform.internal.NoJtaPlatform]
2020-09-24 16:47:43,144 INFO org.springframework.orm.jpa.LocalContainerEntityManagerFactoryBean [restartedMain] Initialized JPA EntityManagerFactory for persistence unit 'default'
2020-09-24 16:47:43,160 INFO org.springframework.boot.devtools.autoconfigure.OptionalLiveReloadServer [restartedMain] LiveReload server is running on port 35729
2020-09-24 16:47:43,734 WARN org.springframework.boot.autoconfigure.orm.jpa.JpaBaseConfiguration$JpaWebConfiguration [restartedMain] spring.jpa.open-in-view is enabled by default. Therefore, database queries may be performed during view rendering. Explicitly configure spring.jpa.open-in-view to disable this warning
2020-09-24 16:47:43,923 INFO org.springframework.scheduling.concurrent.ThreadPoolTaskExecutor [restartedMain] Initializing ExecutorService 'applicationTaskExecutor'
2020-09-24 16:47:44,434 INFO org.springframework.boot.actuate.endpoint.web.EndpointLinksResolver [restartedMain] Exposing 2 endpoint(s) beneath base path '/actuator'
2020-09-24 16:47:44,461 INFO org.apache.coyote.http11.Http11NioProtocol [restartedMain] Starting ProtocolHandler ["http-nio-8082"]
2020-09-24 16:47:44,484 INFO org.springframework.boot.web.embedded.tomcat.TomcatWebServer [restartedMain] Tomcat started on port(s): 8082 (http) with context path ''
2020-09-24 16:47:44,500 INFO com.sapient.training.app.SpringDataJpaAppApplication [restartedMain] Started SpringDataJpaAppApplication in 6.014 seconds (JVM running for 6.472)
2020-09-24 16:52:05,963 INFO org.springframework.test.context.support.AbstractContextLoader [main] Could not detect default resource locations for test class [com.sapient.training.repo.EmployeeRepositoryIntegrationTest]: no resource found for suffixes {-context.xml, Context.groovy}.
2020-09-24 16:52:06,025 INFO org.springframework.boot.test.autoconfigure.orm.jpa.DataJpaTestContextBootstrapper [main] Loaded default TestExecutionListener class names from location [META-INF/spring.factories]: [org.springframework.boot.test.mock.mockito.MockitoTestExecutionListener, org.springframework.boot.test.mock.mockito.ResetMocksTestExecutionListener, org.springframework.boot.test.autoconfigure.restdocs.RestDocsTestExecutionListener, org.springframework.boot.test.autoconfigure.web.client.MockRestServiceServerResetTestExecutionListener, org.springframework.boot.test.autoconfigure.web.servlet.MockMvcPrintOnlyOnFailureTestExecutionListener, org.springframework.boot.test.autoconfigure.web.servlet.WebDriverTestExecutionListener, org.springframework.boot.test.autoconfigure.webservices.client.MockWebServiceServerTestExecutionListener, org.springframework.test.context.web.ServletTestExecutionListener, org.springframework.test.context.support.DirtiesContextBeforeModesTestExecutionListener, org.springframework.test.context.support.DependencyInjectionTestExecutionListener, org.springframework.test.context.support.DirtiesContextTestExecutionListener, org.springframework.test.context.transaction.TransactionalTestExecutionListener, org.springframework.test.context.jdbc.SqlScriptsTestExecutionListener, org.springframework.test.context.event.EventPublishingTestExecutionListener]
2020-09-24 16:52:06,044 INFO org.springframework.boot.test.autoconfigure.orm.jpa.DataJpaTestContextBootstrapper [main] Using TestExecutionListeners: [org.springframework.test.context.web.ServletTestExecutionListener@4efc180e, org.springframework.test.context.support.DirtiesContextBeforeModesTestExecutionListener@bd4dc25, org.springframework.boot.test.mock.mockito.MockitoTestExecutionListener@25084a1e, org.springframework.boot.test.autoconfigure.SpringBootDependencyInjectionTestExecutionListener@156b88f5, org.springframework.test.context.support.DirtiesContextTestExecutionListener@3bf9ce3e, org.springframework.test.context.transaction.TransactionalTestExecutionListener@16610890, org.springframework.test.context.jdbc.SqlScriptsTestExecutionListener@71def8f8, org.springframework.test.context.event.EventPublishingTestExecutionListener@383bfa16, org.springframework.boot.test.mock.mockito.ResetMocksTestExecutionListener@4d465b11, org.springframework.boot.test.autoconfigure.restdocs.RestDocsTestExecutionListener@53fdffa1, org.springframework.boot.test.autoconfigure.web.client.MockRestServiceServerResetTestExecutionListener@5562c41e, org.springframework.boot.test.autoconfigure.web.servlet.MockMvcPrintOnlyOnFailureTestExecutionListener@32ee6fee, org.springframework.boot.test.autoconfigure.web.servlet.WebDriverTestExecutionListener@4d0f2471, org.springframework.boot.test.autoconfigure.webservices.client.MockWebServiceServerTestExecutionListener@7133da86]
2020-09-24 16:52:06,326 INFO com.sapient.training.repo.EmployeeRepositoryIntegrationTest [main] Starting EmployeeRepositoryIntegrationTest on WKWIN7126451 with PID 21960 (started by puskumar3 in C:\Users\puskumar3\Desktop\spring project\spring-data-jpa-app\spring-data-jpa-app)
2020-09-24 16:52:06,326 DEBUG com.sapient.training.repo.EmployeeRepositoryIntegrationTest [main] Running with Spring Boot v2.3.4.RELEASE, Spring v5.2.9.RELEASE
2020-09-24 16:52:06,328 INFO com.sapient.training.repo.EmployeeRepositoryIntegrationTest [main] No active profile set, falling back to default profiles: default
2020-09-24 16:52:06,631 INFO org.springframework.data.repository.config.RepositoryConfigurationDelegate [main] Bootstrapping Spring Data JPA repositories in DEFAULT mode.
2020-09-24 16:52:06,682 INFO org.springframework.data.repository.config.RepositoryConfigurationDelegate [main] Finished Spring Data repository scanning in 44ms. Found 1 JPA repository interfaces.
2020-09-24 16:52:07,136 INFO org.hibernate.jpa.internal.util.LogHelper [main] HHH000204: Processing PersistenceUnitInfo [name: default]
2020-09-24 16:52:07,185 INFO org.hibernate.Version [main] HHH000412: Hibernate ORM core version 5.4.21.Final
2020-09-24 16:52:07,299 INFO org.hibernate.annotations.common.Version [main] HCANN000001: Hibernate Commons Annotations {5.1.0.Final}
2020-09-24 16:52:07,563 INFO com.zaxxer.hikari.HikariDataSource [main] HikariPool-1 - Starting...
2020-09-24 16:52:08,218 INFO com.zaxxer.hikari.HikariDataSource [main] HikariPool-1 - Start completed.
2020-09-24 16:52:08,248 INFO org.hibernate.dialect.Dialect [main] HHH000400: Using dialect: org.hibernate.dialect.PostgreSQL10Dialect
2020-09-24 16:52:08,889 INFO org.hibernate.engine.transaction.jta.platform.internal.JtaPlatformInitiator [main] HHH000490: Using JtaPlatform implementation: [org.hibernate.engine.transaction.jta.platform.internal.NoJtaPlatform]
2020-09-24 16:52:08,896 INFO org.springframework.orm.jpa.LocalContainerEntityManagerFactoryBean [main] Initialized JPA EntityManagerFactory for persistence unit 'default'
2020-09-24 16:52:09,549 INFO com.sapient.training.repo.EmployeeRepositoryIntegrationTest [main] Started EmployeeRepositoryIntegrationTest in 3.466 seconds (JVM running for 4.247)
2020-09-24 16:52:09,585 INFO org.springframework.test.context.transaction.TransactionContext [main] Began transaction (1) for test context [DefaultTestContext@4d4c1ba9 testClass = EmployeeRepositoryIntegrationTest, testInstance = com.sapient.training.repo.EmployeeRepositoryIntegrationTest@2017f6e6, testMethod = whenInvalidName_thenReturnNull@EmployeeRepositoryIntegrationTest, testException = [null], mergedContextConfiguration = [MergedContextConfiguration@115c946b testClass = EmployeeRepositoryIntegrationTest, locations = '{}', classes = '{class com.sapient.training.app.SpringDataJpaAppApplication}', contextInitializerClasses = '[]', activeProfiles = '{}', propertySourceLocations = '{}', propertySourceProperties = '{org.springframework.boot.test.autoconfigure.orm.jpa.DataJpaTestContextBootstrapper=true}', contextCustomizers = set[[ImportsContextCustomizer@79ca7bea key = [org.springframework.boot.test.autoconfigure.jdbc.TestDatabaseAutoConfiguration, org.springframework.boot.autoconfigure.jdbc.DataSourceAutoConfiguration, org.springframework.boot.autoconfigure.cache.CacheAutoConfiguration, org.springframework.boot.autoconfigure.data.jpa.JpaRepositoriesAutoConfiguration, org.springframework.boot.autoconfigure.flyway.FlywayAutoConfiguration, org.springframework.boot.autoconfigure.jdbc.DataSourceTransactionManagerAutoConfiguration, org.springframework.boot.autoconfigure.jdbc.JdbcTemplateAutoConfiguration, org.springframework.boot.autoconfigure.liquibase.LiquibaseAutoConfiguration, org.springframework.boot.autoconfigure.orm.jpa.HibernateJpaAutoConfiguration, org.springframework.boot.autoconfigure.transaction.TransactionAutoConfiguration, org.springframework.boot.test.autoconfigure.orm.jpa.TestEntityManagerAutoConfiguration]], org.springframework.boot.test.context.filter.ExcludeFilterContextCustomizer@5c671d7f, org.springframework.boot.test.json.DuplicateJsonObjectContextCustomizerFactory$DuplicateJsonObjectContextCustomizer@e4487af, org.springframework.boot.test.mock.mockito.MockitoContextCustomizer@0, org.springframework.boot.test.autoconfigure.OverrideAutoConfigurationContextCustomizerFactory$DisableAutoConfigurationContextCustomizer@5f8edcc5, org.springframework.boot.test.autoconfigure.filter.TypeExcludeFiltersContextCustomizer@351584c0, org.springframework.boot.test.autoconfigure.properties.PropertyMappingContextCustomizer@19674275, org.springframework.boot.test.autoconfigure.web.servlet.WebDriverContextCustomizerFactory$Customizer@65b3f4a4, org.springframework.boot.test.context.SpringBootTestArgs@1], contextLoader = 'org.springframework.boot.test.context.SpringBootContextLoader', parent = [null]], attributes = map[[empty]]]; transaction manager [org.springframework.orm.jpa.JpaTransactionManager@1df9186f]; rollback [true]
2020-09-24 16:52:09,793 INFO org.springframework.test.context.transaction.TransactionContext [main] Rolled back transaction for test: [DefaultTestContext@4d4c1ba9 testClass = EmployeeRepositoryIntegrationTest, testInstance = com.sapient.training.repo.EmployeeRepositoryIntegrationTest@2017f6e6, testMethod = whenInvalidName_thenReturnNull@EmployeeRepositoryIntegrationTest, testException = [null], mergedContextConfiguration = [MergedContextConfiguration@115c946b testClass = EmployeeRepositoryIntegrationTest, locations = '{}', classes = '{class com.sapient.training.app.SpringDataJpaAppApplication}', contextInitializerClasses = '[]', activeProfiles = '{}', propertySourceLocations = '{}', propertySourceProperties = '{org.springframework.boot.test.autoconfigure.orm.jpa.DataJpaTestContextBootstrapper=true}', contextCustomizers = set[[ImportsContextCustomizer@79ca7bea key = [org.springframework.boot.test.autoconfigure.jdbc.TestDatabaseAutoConfiguration, org.springframework.boot.autoconfigure.jdbc.DataSourceAutoConfiguration, org.springframework.boot.autoconfigure.cache.CacheAutoConfiguration, org.springframework.boot.autoconfigure.data.jpa.JpaRepositoriesAutoConfiguration, org.springframework.boot.autoconfigure.flyway.FlywayAutoConfiguration, org.springframework.boot.autoconfigure.jdbc.DataSourceTransactionManagerAutoConfiguration, org.springframework.boot.autoconfigure.jdbc.JdbcTemplateAutoConfiguration, org.springframework.boot.autoconfigure.liquibase.LiquibaseAutoConfiguration, org.springframework.boot.autoconfigure.orm.jpa.HibernateJpaAutoConfiguration, org.springframework.boot.autoconfigure.transaction.TransactionAutoConfiguration, org.springframework.boot.test.autoconfigure.orm.jpa.TestEntityManagerAutoConfiguration]], org.springframework.boot.test.context.filter.ExcludeFilterContextCustomizer@5c671d7f, org.springframework.boot.test.json.DuplicateJsonObjectContextCustomizerFactory$DuplicateJsonObjectContextCustomizer@e4487af, org.springframework.boot.test.mock.mockito.MockitoContextCustomizer@0, org.springframework.boot.test.autoconfigure.OverrideAutoConfigurationContextCustomizerFactory$DisableAutoConfigurationContextCustomizer@5f8edcc5, org.springframework.boot.test.autoconfigure.filter.TypeExcludeFiltersContextCustomizer@351584c0, org.springframework.boot.test.autoconfigure.properties.PropertyMappingContextCustomizer@19674275, org.springframework.boot.test.autoconfigure.web.servlet.WebDriverContextCustomizerFactory$Customizer@65b3f4a4, org.springframework.boot.test.context.SpringBootTestArgs@1], contextLoader = 'org.springframework.boot.test.context.SpringBootContextLoader', parent = [null]], attributes = map[[empty]]]
2020-09-24 16:52:09,801 INFO org.springframework.test.context.transaction.TransactionContext [main] Began transaction (1) for test context [DefaultTestContext@4d4c1ba9 testClass = EmployeeRepositoryIntegrationTest, testInstance = com.sapient.training.repo.EmployeeRepositoryIntegrationTest@6bb4cc0e, testMethod = whenInvalidId_thenReturnNull@EmployeeRepositoryIntegrationTest, testException = [null], mergedContextConfiguration = [MergedContextConfiguration@115c946b testClass = EmployeeRepositoryIntegrationTest, locations = '{}', classes = '{class com.sapient.training.app.SpringDataJpaAppApplication}', contextInitializerClasses = '[]', activeProfiles = '{}', propertySourceLocations = '{}', propertySourceProperties = '{org.springframework.boot.test.autoconfigure.orm.jpa.DataJpaTestContextBootstrapper=true}', contextCustomizers = set[[ImportsContextCustomizer@79ca7bea key = [org.springframework.boot.test.autoconfigure.jdbc.TestDatabaseAutoConfiguration, org.springframework.boot.autoconfigure.jdbc.DataSourceAutoConfiguration, org.springframework.boot.autoconfigure.cache.CacheAutoConfiguration, org.springframework.boot.autoconfigure.data.jpa.JpaRepositoriesAutoConfiguration, org.springframework.boot.autoconfigure.flyway.FlywayAutoConfiguration, org.springframework.boot.autoconfigure.jdbc.DataSourceTransactionManagerAutoConfiguration, org.springframework.boot.autoconfigure.jdbc.JdbcTemplateAutoConfiguration, org.springframework.boot.autoconfigure.liquibase.LiquibaseAutoConfiguration, org.springframework.boot.autoconfigure.orm.jpa.HibernateJpaAutoConfiguration, org.springframework.boot.autoconfigure.transaction.TransactionAutoConfiguration, org.springframework.boot.test.autoconfigure.orm.jpa.TestEntityManagerAutoConfiguration]], org.springframework.boot.test.context.filter.ExcludeFilterContextCustomizer@5c671d7f, org.springframework.boot.test.json.DuplicateJsonObjectContextCustomizerFactory$DuplicateJsonObjectContextCustomizer@e4487af, org.springframework.boot.test.mock.mockito.MockitoContextCustomizer@0, org.springframework.boot.test.autoconfigure.OverrideAutoConfigurationContextCustomizerFactory$DisableAutoConfigurationContextCustomizer@5f8edcc5, org.springframework.boot.test.autoconfigure.filter.TypeExcludeFiltersContextCustomizer@351584c0, org.springframework.boot.test.autoconfigure.properties.PropertyMappingContextCustomizer@19674275, org.springframework.boot.test.autoconfigure.web.servlet.WebDriverContextCustomizerFactory$Customizer@65b3f4a4, org.springframework.boot.test.context.SpringBootTestArgs@1], contextLoader = 'org.springframework.boot.test.context.SpringBootContextLoader', parent = [null]], attributes = map[[empty]]]; transaction manager [org.springframework.orm.jpa.JpaTransactionManager@1df9186f]; rollback [true]
2020-09-24 16:52:09,829 INFO org.springframework.test.context.transaction.TransactionContext [main] Rolled back transaction for test: [DefaultTestContext@4d4c1ba9 testClass = EmployeeRepositoryIntegrationTest, testInstance = com.sapient.training.repo.EmployeeRepositoryIntegrationTest@6bb4cc0e, testMethod = whenInvalidId_thenReturnNull@EmployeeRepositoryIntegrationTest, testException = [null], mergedContextConfiguration = [MergedContextConfiguration@115c946b testClass = EmployeeRepositoryIntegrationTest, locations = '{}', classes = '{class com.sapient.training.app.SpringDataJpaAppApplication}', contextInitializerClasses = '[]', activeProfiles = '{}', propertySourceLocations = '{}', propertySourceProperties = '{org.springframework.boot.test.autoconfigure.orm.jpa.DataJpaTestContextBootstrapper=true}', contextCustomizers = set[[ImportsContextCustomizer@79ca7bea key = [org.springframework.boot.test.autoconfigure.jdbc.TestDatabaseAutoConfiguration, org.springframework.boot.autoconfigure.jdbc.DataSourceAutoConfiguration, org.springframework.boot.autoconfigure.cache.CacheAutoConfiguration, org.springframework.boot.autoconfigure.data.jpa.JpaRepositoriesAutoConfiguration, org.springframework.boot.autoconfigure.flyway.FlywayAutoConfiguration, org.springframework.boot.autoconfigure.jdbc.DataSourceTransactionManagerAutoConfiguration, org.springframework.boot.autoconfigure.jdbc.JdbcTemplateAutoConfiguration, org.springframework.boot.autoconfigure.liquibase.LiquibaseAutoConfiguration, org.springframework.boot.autoconfigure.orm.jpa.HibernateJpaAutoConfiguration, org.springframework.boot.autoconfigure.transaction.TransactionAutoConfiguration, org.springframework.boot.test.autoconfigure.orm.jpa.TestEntityManagerAutoConfiguration]], org.springframework.boot.test.context.filter.ExcludeFilterContextCustomizer@5c671d7f, org.springframework.boot.test.json.DuplicateJsonObjectContextCustomizerFactory$DuplicateJsonObjectContextCustomizer@e4487af, org.springframework.boot.test.mock.mockito.MockitoContextCustomizer@0, org.springframework.boot.test.autoconfigure.OverrideAutoConfigurationContextCustomizerFactory$DisableAutoConfigurationContextCustomizer@5f8edcc5, org.springframework.boot.test.autoconfigure.filter.TypeExcludeFiltersContextCustomizer@351584c0, org.springframework.boot.test.autoconfigure.properties.PropertyMappingContextCustomizer@19674275, org.springframework.boot.test.autoconfigure.web.servlet.WebDriverContextCustomizerFactory$Customizer@65b3f4a4, org.springframework.boot.test.context.SpringBootTestArgs@1], contextLoader = 'org.springframework.boot.test.context.SpringBootContextLoader', parent = [null]], attributes = map[[empty]]]
2020-09-24 16:52:09,831 INFO org.springframework.test.context.transaction.TransactionContext [main] Began transaction (1) for test context [DefaultTestContext@4d4c1ba9 testClass = EmployeeRepositoryIntegrationTest, testInstance = com.sapient.training.repo.EmployeeRepositoryIntegrationTest@19eea77c, testMethod = whenFindById_thenReturnEmployee@EmployeeRepositoryIntegrationTest, testException = [null], mergedContextConfiguration = [MergedContextConfiguration@115c946b testClass = EmployeeRepositoryIntegrationTest, locations = '{}', classes = '{class com.sapient.training.app.SpringDataJpaAppApplication}', contextInitializerClasses = '[]', activeProfiles = '{}', propertySourceLocations = '{}', propertySourceProperties = '{org.springframework.boot.test.autoconfigure.orm.jpa.DataJpaTestContextBootstrapper=true}', contextCustomizers = set[[ImportsContextCustomizer@79ca7bea key = [org.springframework.boot.test.autoconfigure.jdbc.TestDatabaseAutoConfiguration, org.springframework.boot.autoconfigure.jdbc.DataSourceAutoConfiguration, org.springframework.boot.autoconfigure.cache.CacheAutoConfiguration, org.springframework.boot.autoconfigure.data.jpa.JpaRepositoriesAutoConfiguration, org.springframework.boot.autoconfigure.flyway.FlywayAutoConfiguration, org.springframework.boot.autoconfigure.jdbc.DataSourceTransactionManagerAutoConfiguration, org.springframework.boot.autoconfigure.jdbc.JdbcTemplateAutoConfiguration, org.springframework.boot.autoconfigure.liquibase.LiquibaseAutoConfiguration, org.springframework.boot.autoconfigure.orm.jpa.HibernateJpaAutoConfiguration, org.springframework.boot.autoconfigure.transaction.TransactionAutoConfiguration, org.springframework.boot.test.autoconfigure.orm.jpa.TestEntityManagerAutoConfiguration]], org.springframework.boot.test.context.filter.ExcludeFilterContextCustomizer@5c671d7f, org.springframework.boot.test.json.DuplicateJsonObjectContextCustomizerFactory$DuplicateJsonObjectContextCustomizer@e4487af, org.springframework.boot.test.mock.mockito.MockitoContextCustomizer@0, org.springframework.boot.test.autoconfigure.OverrideAutoConfigurationContextCustomizerFactory$DisableAutoConfigurationContextCustomizer@5f8edcc5, org.springframework.boot.test.autoconfigure.filter.TypeExcludeFiltersContextCustomizer@351584c0, org.springframework.boot.test.autoconfigure.properties.PropertyMappingContextCustomizer@19674275, org.springframework.boot.test.autoconfigure.web.servlet.WebDriverContextCustomizerFactory$Customizer@65b3f4a4, org.springframework.boot.test.context.SpringBootTestArgs@1], contextLoader = 'org.springframework.boot.test.context.SpringBootContextLoader', parent = [null]], attributes = map[[empty]]]; transaction manager [org.springframework.orm.jpa.JpaTransactionManager@1df9186f]; rollback [true]
2020-09-24 16:52:09,879 INFO org.springframework.test.context.transaction.TransactionContext [main] Rolled back transaction for test: [DefaultTestContext@4d4c1ba9 testClass = EmployeeRepositoryIntegrationTest, testInstance = com.sapient.training.repo.EmployeeRepositoryIntegrationTest@19eea77c, testMethod = whenFindById_thenReturnEmployee@EmployeeRepositoryIntegrationTest, testException = [null], mergedContextConfiguration = [MergedContextConfiguration@115c946b testClass = EmployeeRepositoryIntegrationTest, locations = '{}', classes = '{class com.sapient.training.app.SpringDataJpaAppApplication}', contextInitializerClasses = '[]', activeProfiles = '{}', propertySourceLocations = '{}', propertySourceProperties = '{org.springframework.boot.test.autoconfigure.orm.jpa.DataJpaTestContextBootstrapper=true}', contextCustomizers = set[[ImportsContextCustomizer@79ca7bea key = [org.springframework.boot.test.autoconfigure.jdbc.TestDatabaseAutoConfiguration, org.springframework.boot.autoconfigure.jdbc.DataSourceAutoConfiguration, org.springframework.boot.autoconfigure.cache.CacheAutoConfiguration, org.springframework.boot.autoconfigure.data.jpa.JpaRepositoriesAutoConfiguration, org.springframework.boot.autoconfigure.flyway.FlywayAutoConfiguration, org.springframework.boot.autoconfigure.jdbc.DataSourceTransactionManagerAutoConfiguration, org.springframework.boot.autoconfigure.jdbc.JdbcTemplateAutoConfiguration, org.springframework.boot.autoconfigure.liquibase.LiquibaseAutoConfiguration, org.springframework.boot.autoconfigure.orm.jpa.HibernateJpaAutoConfiguration, org.springframework.boot.autoconfigure.transaction.TransactionAutoConfiguration, org.springframework.boot.test.autoconfigure.orm.jpa.TestEntityManagerAutoConfiguration]], org.springframework.boot.test.context.filter.ExcludeFilterContextCustomizer@5c671d7f, org.springframework.boot.test.json.DuplicateJsonObjectContextCustomizerFactory$DuplicateJsonObjectContextCustomizer@e4487af, org.springframework.boot.test.mock.mockito.MockitoContextCustomizer@0, org.springframework.boot.test.autoconfigure.OverrideAutoConfigurationContextCustomizerFactory$DisableAutoConfigurationContextCustomizer@5f8edcc5, org.springframework.boot.test.autoconfigure.filter.TypeExcludeFiltersContextCustomizer@351584c0, org.springframework.boot.test.autoconfigure.properties.PropertyMappingContextCustomizer@19674275, org.springframework.boot.test.autoconfigure.web.servlet.WebDriverContextCustomizerFactory$Customizer@65b3f4a4, org.springframework.boot.test.context.SpringBootTestArgs@1], contextLoader = 'org.springframework.boot.test.context.SpringBootContextLoader', parent = [null]], attributes = map[[empty]]]
2020-09-24 16:52:09,883 INFO org.springframework.test.context.transaction.TransactionContext [main] Began transaction (1) for test context [DefaultTestContext@4d4c1ba9 testClass = EmployeeRepositoryIntegrationTest, testInstance = com.sapient.training.repo.EmployeeRepositoryIntegrationTest@7f51f588, testMethod = whenFindByName_thenReturnEmployee@EmployeeRepositoryIntegrationTest, testException = [null], mergedContextConfiguration = [MergedContextConfiguration@115c946b testClass = EmployeeRepositoryIntegrationTest, locations = '{}', classes = '{class com.sapient.training.app.SpringDataJpaAppApplication}', contextInitializerClasses = '[]', activeProfiles = '{}', propertySourceLocations = '{}', propertySourceProperties = '{org.springframework.boot.test.autoconfigure.orm.jpa.DataJpaTestContextBootstrapper=true}', contextCustomizers = set[[ImportsContextCustomizer@79ca7bea key = [org.springframework.boot.test.autoconfigure.jdbc.TestDatabaseAutoConfiguration, org.springframework.boot.autoconfigure.jdbc.DataSourceAutoConfiguration, org.springframework.boot.autoconfigure.cache.CacheAutoConfiguration, org.springframework.boot.autoconfigure.data.jpa.JpaRepositoriesAutoConfiguration, org.springframework.boot.autoconfigure.flyway.FlywayAutoConfiguration, org.springframework.boot.autoconfigure.jdbc.DataSourceTransactionManagerAutoConfiguration, org.springframework.boot.autoconfigure.jdbc.JdbcTemplateAutoConfiguration, org.springframework.boot.autoconfigure.liquibase.LiquibaseAutoConfiguration, org.springframework.boot.autoconfigure.orm.jpa.HibernateJpaAutoConfiguration, org.springframework.boot.autoconfigure.transaction.TransactionAutoConfiguration, org.springframework.boot.test.autoconfigure.orm.jpa.TestEntityManagerAutoConfiguration]], org.springframework.boot.test.context.filter.ExcludeFilterContextCustomizer@5c671d7f, org.springframework.boot.test.json.DuplicateJsonObjectContextCustomizerFactory$DuplicateJsonObjectContextCustomizer@e4487af, org.springframework.boot.test.mock.mockito.MockitoContextCustomizer@0, org.springframework.boot.test.autoconfigure.OverrideAutoConfigurationContextCustomizerFactory$DisableAutoConfigurationContextCustomizer@5f8edcc5, org.springframework.boot.test.autoconfigure.filter.TypeExcludeFiltersContextCustomizer@351584c0, org.springframework.boot.test.autoconfigure.properties.PropertyMappingContextCustomizer@19674275, org.springframework.boot.test.autoconfigure.web.servlet.WebDriverContextCustomizerFactory$Customizer@65b3f4a4, org.springframework.boot.test.context.SpringBootTestArgs@1], contextLoader = 'org.springframework.boot.test.context.SpringBootContextLoader', parent = [null]], attributes = map[[empty]]]; transaction manager [org.springframework.orm.jpa.JpaTransactionManager@1df9186f]; rollback [true]
2020-09-24 16:52:09,894 INFO org.springframework.test.context.transaction.TransactionContext [main] Rolled back transaction for test: [DefaultTestContext@4d4c1ba9 testClass = EmployeeRepositoryIntegrationTest, testInstance = com.sapient.training.repo.EmployeeRepositoryIntegrationTest@7f51f588, testMethod = whenFindByName_thenReturnEmployee@EmployeeRepositoryIntegrationTest, testException = [null], mergedContextConfiguration = [MergedContextConfiguration@115c946b testClass = EmployeeRepositoryIntegrationTest, locations = '{}', classes = '{class com.sapient.training.app.SpringDataJpaAppApplication}', contextInitializerClasses = '[]', activeProfiles = '{}', propertySourceLocations = '{}', propertySourceProperties = '{org.springframework.boot.test.autoconfigure.orm.jpa.DataJpaTestContextBootstrapper=true}', contextCustomizers = set[[ImportsContextCustomizer@79ca7bea key = [org.springframework.boot.test.autoconfigure.jdbc.TestDatabaseAutoConfiguration, org.springframework.boot.autoconfigure.jdbc.DataSourceAutoConfiguration, org.springframework.boot.autoconfigure.cache.CacheAutoConfiguration, org.springframework.boot.autoconfigure.data.jpa.JpaRepositoriesAutoConfiguration, org.springframework.boot.autoconfigure.flyway.FlywayAutoConfiguration, org.springframework.boot.autoconfigure.jdbc.DataSourceTransactionManagerAutoConfiguration, org.springframework.boot.autoconfigure.jdbc.JdbcTemplateAutoConfiguration, org.springframework.boot.autoconfigure.liquibase.LiquibaseAutoConfiguration, org.springframework.boot.autoconfigure.orm.jpa.HibernateJpaAutoConfiguration, org.springframework.boot.autoconfigure.transaction.TransactionAutoConfiguration, org.springframework.boot.test.autoconfigure.orm.jpa.TestEntityManagerAutoConfiguration]], org.springframework.boot.test.context.filter.ExcludeFilterContextCustomizer@5c671d7f, org.springframework.boot.test.json.DuplicateJsonObjectContextCustomizerFactory$DuplicateJsonObjectContextCustomizer@e4487af, org.springframework.boot.test.mock.mockito.MockitoContextCustomizer@0, org.springframework.boot.test.autoconfigure.OverrideAutoConfigurationContextCustomizerFactory$DisableAutoConfigurationContextCustomizer@5f8edcc5, org.springframework.boot.test.autoconfigure.filter.TypeExcludeFiltersContextCustomizer@351584c0, org.springframework.boot.test.autoconfigure.properties.PropertyMappingContextCustomizer@19674275, org.springframework.boot.test.autoconfigure.web.servlet.WebDriverContextCustomizerFactory$Customizer@65b3f4a4, org.springframework.boot.test.context.SpringBootTestArgs@1], contextLoader = 'org.springframework.boot.test.context.SpringBootContextLoader', parent = [null]], attributes = map[[empty]]]
2020-09-24 16:52:09,898 INFO org.springframework.test.context.transaction.TransactionContext [main] Began transaction (1) for test context [DefaultTestContext@4d4c1ba9 testClass = EmployeeRepositoryIntegrationTest, testInstance = com.sapient.training.repo.EmployeeRepositoryIntegrationTest@6df11e91, testMethod = givenSetOfEmployees_whenFindAll_thenReturnAllEmployees@EmployeeRepositoryIntegrationTest, testException = [null], mergedContextConfiguration = [MergedContextConfiguration@115c946b testClass = EmployeeRepositoryIntegrationTest, locations = '{}', classes = '{class com.sapient.training.app.SpringDataJpaAppApplication}', contextInitializerClasses = '[]', activeProfiles = '{}', propertySourceLocations = '{}', propertySourceProperties = '{org.springframework.boot.test.autoconfigure.orm.jpa.DataJpaTestContextBootstrapper=true}', contextCustomizers = set[[ImportsContextCustomizer@79ca7bea key = [org.springframework.boot.test.autoconfigure.jdbc.TestDatabaseAutoConfiguration, org.springframework.boot.autoconfigure.jdbc.DataSourceAutoConfiguration, org.springframework.boot.autoconfigure.cache.CacheAutoConfiguration, org.springframework.boot.autoconfigure.data.jpa.JpaRepositoriesAutoConfiguration, org.springframework.boot.autoconfigure.flyway.FlywayAutoConfiguration, org.springframework.boot.autoconfigure.jdbc.DataSourceTransactionManagerAutoConfiguration, org.springframework.boot.autoconfigure.jdbc.JdbcTemplateAutoConfiguration, org.springframework.boot.autoconfigure.liquibase.LiquibaseAutoConfiguration, org.springframework.boot.autoconfigure.orm.jpa.HibernateJpaAutoConfiguration, org.springframework.boot.autoconfigure.transaction.TransactionAutoConfiguration, org.springframework.boot.test.autoconfigure.orm.jpa.TestEntityManagerAutoConfiguration]], org.springframework.boot.test.context.filter.ExcludeFilterContextCustomizer@5c671d7f, org.springframework.boot.test.json.DuplicateJsonObjectContextCustomizerFactory$DuplicateJsonObjectContextCustomizer@e4487af, org.springframework.boot.test.mock.mockito.MockitoContextCustomizer@0, org.springframework.boot.test.autoconfigure.OverrideAutoConfigurationContextCustomizerFactory$DisableAutoConfigurationContextCustomizer@5f8edcc5, org.springframework.boot.test.autoconfigure.filter.TypeExcludeFiltersContextCustomizer@351584c0, org.springframework.boot.test.autoconfigure.properties.PropertyMappingContextCustomizer@19674275, org.springframework.boot.test.autoconfigure.web.servlet.WebDriverContextCustomizerFactory$Customizer@65b3f4a4, org.springframework.boot.test.context.SpringBootTestArgs@1], contextLoader = 'org.springframework.boot.test.context.SpringBootContextLoader', parent = [null]], attributes = map[[empty]]]; transaction manager [org.springframework.orm.jpa.JpaTransactionManager@1df9186f]; rollback [true]
2020-09-24 16:52:09,927 INFO org.springframework.test.context.transaction.TransactionContext [main] Rolled back transaction for test: [DefaultTestContext@4d4c1ba9 testClass = EmployeeRepositoryIntegrationTest, testInstance = com.sapient.training.repo.EmployeeRepositoryIntegrationTest@6df11e91, testMethod = givenSetOfEmployees_whenFindAll_thenReturnAllEmployees@EmployeeRepositoryIntegrationTest, testException = [null], mergedContextConfiguration = [MergedContextConfiguration@115c946b testClass = EmployeeRepositoryIntegrationTest, locations = '{}', classes = '{class com.sapient.training.app.SpringDataJpaAppApplication}', contextInitializerClasses = '[]', activeProfiles = '{}', propertySourceLocations = '{}', propertySourceProperties = '{org.springframework.boot.test.autoconfigure.orm.jpa.DataJpaTestContextBootstrapper=true}', contextCustomizers = set[[ImportsContextCustomizer@79ca7bea key = [org.springframework.boot.test.autoconfigure.jdbc.TestDatabaseAutoConfiguration, org.springframework.boot.autoconfigure.jdbc.DataSourceAutoConfiguration, org.springframework.boot.autoconfigure.cache.CacheAutoConfiguration, org.springframework.boot.autoconfigure.data.jpa.JpaRepositoriesAutoConfiguration, org.springframework.boot.autoconfigure.flyway.FlywayAutoConfiguration, org.springframework.boot.autoconfigure.jdbc.DataSourceTransactionManagerAutoConfiguration, org.springframework.boot.autoconfigure.jdbc.JdbcTemplateAutoConfiguration, org.springframework.boot.autoconfigure.liquibase.LiquibaseAutoConfiguration, org.springframework.boot.autoconfigure.orm.jpa.HibernateJpaAutoConfiguration, org.springframework.boot.autoconfigure.transaction.TransactionAutoConfiguration, org.springframework.boot.test.autoconfigure.orm.jpa.TestEntityManagerAutoConfiguration]], org.springframework.boot.test.context.filter.ExcludeFilterContextCustomizer@5c671d7f, org.springframework.boot.test.json.DuplicateJsonObjectContextCustomizerFactory$DuplicateJsonObjectContextCustomizer@e4487af, org.springframework.boot.test.mock.mockito.MockitoContextCustomizer@0, org.springframework.boot.test.autoconfigure.OverrideAutoConfigurationContextCustomizerFactory$DisableAutoConfigurationContextCustomizer@5f8edcc5, org.springframework.boot.test.autoconfigure.filter.TypeExcludeFiltersContextCustomizer@351584c0, org.springframework.boot.test.autoconfigure.properties.PropertyMappingContextCustomizer@19674275, org.springframework.boot.test.autoconfigure.web.servlet.WebDriverContextCustomizerFactory$Customizer@65b3f4a4, org.springframework.boot.test.context.SpringBootTestArgs@1], contextLoader = 'org.springframework.boot.test.context.SpringBootContextLoader', parent = [null]], attributes = map[[empty]]]
2020-09-24 16:52:09,936 INFO org.springframework.orm.jpa.LocalContainerEntityManagerFactoryBean [SpringContextShutdownHook] Closing JPA EntityManagerFactory for persistence unit 'default'
2020-09-24 16:52:09,939 INFO com.zaxxer.hikari.HikariDataSource [SpringContextShutdownHook] HikariPool-1 - Shutdown initiated...
2020-09-24 16:52:10,420 INFO com.zaxxer.hikari.HikariDataSource [SpringContextShutdownHook] HikariPool-1 - Shutdown completed.
2020-09-24 16:54:15,333 INFO org.apache.catalina.core.ContainerBase.[Tomcat].[localhost].[/] [http-nio-8082-exec-2] Initializing Spring DispatcherServlet 'dispatcherServlet'
2020-09-24 16:54:15,334 INFO org.springframework.web.servlet.DispatcherServlet [http-nio-8082-exec-2] Initializing Servlet 'dispatcherServlet'
2020-09-24 16:54:15,344 INFO org.springframework.web.servlet.DispatcherServlet [http-nio-8082-exec-2] Completed initialization in 10 ms
2020-09-24 17:10:25,604 INFO org.apache.coyote.http11.Http11Processor [http-nio-8082-exec-4] Error parsing HTTP request header
 Note: further occurrences of HTTP request parsing errors will be logged at DEBUG level.
java.lang.IllegalArgumentException: Invalid character found in method name [0x160x030x010x000xf70x010x000x000xf30x030x030xd4$]0xa6X0x924=0x9e0xffY0xf9{0xc30xc6n0xc80xf60x970xe1_$Mo0x090x7f(Ux0x00A0xdb]. HTTP method names must be tokens
	at org.apache.coyote.http11.Http11InputBuffer.parseRequestLine(Http11InputBuffer.java:413)
	at org.apache.coyote.http11.Http11Processor.service(Http11Processor.java:261)
	at org.apache.coyote.AbstractProcessorLight.process(AbstractProcessorLight.java:65)
	at org.apache.coyote.AbstractProtocol$ConnectionHandler.process(AbstractProtocol.java:868)
	at org.apache.tomcat.util.net.NioEndpoint$SocketProcessor.doRun(NioEndpoint.java:1590)
	at org.apache.tomcat.util.net.SocketProcessorBase.run(SocketProcessorBase.java:49)
	at java.util.concurrent.ThreadPoolExecutor.runWorker(Unknown Source)
	at java.util.concurrent.ThreadPoolExecutor$Worker.run(Unknown Source)
	at org.apache.tomcat.util.threads.TaskThread$WrappingRunnable.run(TaskThread.java:61)
	at java.lang.Thread.run(Unknown Source)
2020-09-24 17:12:54,673 DEBUG com.sapient.training.aspect.LoggingAspect [http-nio-8082-exec-8] Enter: com.sapient.training.service.EmployeeServiceImpl.save() with argument[s] = [Employee(id=null, name=Rohit, job=Developer, hiredate=Thu Oct 15 05:30:00 IST 2015, salary=550000.0)]
2020-09-24 17:12:54,730 DEBUG com.sapient.training.aspect.LoggingAspect [http-nio-8082-exec-8] Exit: com.sapient.training.service.EmployeeServiceImpl.save() with result = Employee(id=6, name=Rohit, job=Developer, hiredate=Thu Oct 15 05:30:00 IST 2015, salary=550000.0)
2020-09-24 17:13:48,930 WARN org.springframework.web.servlet.PageNotFound [http-nio-8082-exec-7] Request method 'POST' not supported
2020-09-24 17:13:48,933 WARN org.springframework.web.servlet.mvc.method.annotation.ExceptionHandlerExceptionResolver [http-nio-8082-exec-7] Resolved [org.springframework.web.HttpRequestMethodNotSupportedException: Request method 'POST' not supported]
2020-09-24 17:14:04,486 DEBUG com.sapient.training.aspect.LoggingAspect [http-nio-8082-exec-9] Enter: com.sapient.training.service.EmployeeServiceImpl.save() with argument[s] = [Employee(id=null, name=Rohit, job=Developer, hiredate=Thu Oct 15 05:30:00 IST 2015, salary=550000.0)]
2020-09-24 17:14:04,489 DEBUG com.sapient.training.aspect.LoggingAspect [http-nio-8082-exec-9] Exit: com.sapient.training.service.EmployeeServiceImpl.save() with result = Employee(id=7, name=Rohit, job=Developer, hiredate=Thu Oct 15 05:30:00 IST 2015, salary=550000.0)
2020-09-24 17:17:51,852 WARN org.springframework.web.servlet.PageNotFound [http-nio-8082-exec-2] Request method 'POST' not supported
2020-09-24 17:17:51,853 WARN org.springframework.web.servlet.mvc.method.annotation.ExceptionHandlerExceptionResolver [http-nio-8082-exec-2] Resolved [org.springframework.web.HttpRequestMethodNotSupportedException: Request method 'POST' not supported]
2020-09-24 17:18:00,459 DEBUG com.sapient.training.aspect.LoggingAspect [http-nio-8082-exec-3] Enter: com.sapient.training.service.EmployeeServiceImpl.save() with argument[s] = [Employee(id=null, name=Rohit, job=Developer, hiredate=Thu Oct 15 05:30:00 IST 2015, salary=550000.0)]
2020-09-24 17:18:00,465 DEBUG com.sapient.training.aspect.LoggingAspect [http-nio-8082-exec-3] Exit: com.sapient.training.service.EmployeeServiceImpl.save() with result = Employee(id=8, name=Rohit, job=Developer, hiredate=Thu Oct 15 05:30:00 IST 2015, salary=550000.0)
2020-09-24 17:18:07,813 WARN org.springframework.web.servlet.PageNotFound [http-nio-8082-exec-4] Request method 'POST' not supported
2020-09-24 17:18:07,814 WARN org.springframework.web.servlet.mvc.method.annotation.ExceptionHandlerExceptionResolver [http-nio-8082-exec-4] Resolved [org.springframework.web.HttpRequestMethodNotSupportedException: Request method 'POST' not supported]
